This is pdfTeX, Version 3.1415926-2.5-1.40.14 (TeX Live 2013/Debian) (format=pdflatex 2014.12.4)  4 DEC 2014 18:56
entering extended mode
 restricted \write18 enabled.
 %&-line parsing enabled.
**Informe.tex
(./Informe.tex
LaTeX2e <2011/06/27>
Babel <3.9h> and hyphenation patterns for 78 languages loaded.

! LaTeX Error: Missing \begin{document}.

See the LaTeX manual or LaTeX Companion for explanation.
Type  H <return>  for immediate help.
 ...                                              
                                                  
l.1 ï
     »¿\documentclass[a4paper]{article}
You're in trouble here.  Try typing  <return>  to proceed.
If that doesn't work, type  X <return>  to quit.

Missing character: There is no ï in font nullfont!
Missing character: There is no » in font nullfont!
Missing character: There is no ¿ in font nullfont!
(/usr/share/texlive/texmf-dist/tex/latex/base/article.cls
Document Class: article 2007/10/19 v1.4h Standard LaTeX document class
(/usr/share/texlive/texmf-dist/tex/latex/base/size10.clo
File: size10.clo 2007/10/19 v1.4h Standard LaTeX file (size option)
)
\c@part=\count79
\c@section=\count80
\c@subsection=\count81
\c@subsubsection=\count82
\c@paragraph=\count83
\c@subparagraph=\count84

Overfull \hbox (20.0pt too wide) in paragraph at lines 1--284
[]
 []

\c@figure=\count85
\c@table=\count86
\abovecaptionskip=\skip41
\belowcaptionskip=\skip42
\bibindent=\dimen102
[1{/var/lib/texmf/fonts/map/pdftex/updmap/pdftex.map}])
(/usr/share/texlive/texmf-dist/tex/generic/babel/babel.sty
Package: babel 2013/12/03 3.9h The Babel package

(/usr/share/texlive/texmf-dist/tex/generic/babel-spanish/spanish.ldf
Language: spanish.ldf 2014/01/29 v5.0m Spanish support from the babel system

(/usr/share/texlive/texmf-dist/tex/generic/babel/babel.def
File: babel.def 2013/12/03 3.9h Babel common definitions
\babel@savecnt=\count87
\U@D=\dimen103
)
\es@datefmt=\count88
\es@quottoks=\toks14
\es@quotdepth=\count89
Package babel Info: Making " an active character on input line 496.
Package babel Info: Making . an active character on input line 599.
Package babel Info: Making < an active character on input line 644.
Package babel Info: Making > an active character on input line 644.
))
(/usr/share/texlive/texmf-dist/tex/latex/base/inputenc.sty
Package: inputenc 2008/03/30 v1.1d Input encoding file
\inpenc@prehook=\toks15
\inpenc@posthook=\toks16

(/usr/share/texlive/texmf-dist/tex/latex/base/utf8.def
File: utf8.def 2008/04/05 v1.1m UTF-8 support for inputenc
Now handling font encoding OML ...
... no UTF-8 mapping file for font encoding OML
Now handling font encoding T1 ...
... processing UTF-8 mapping file for font encoding T1

(/usr/share/texlive/texmf-dist/tex/latex/base/t1enc.dfu
File: t1enc.dfu 2008/04/05 v1.1m UTF-8 support for inputenc
   defining Unicode char U+00A1 (decimal 161)
   defining Unicode char U+00A3 (decimal 163)
   defining Unicode char U+00AB (decimal 171)
   defining Unicode char U+00BB (decimal 187)
   defining Unicode char U+00BF (decimal 191)
   defining Unicode char U+00C0 (decimal 192)
   defining Unicode char U+00C1 (decimal 193)
   defining Unicode char U+00C2 (decimal 194)
   defining Unicode char U+00C3 (decimal 195)
   defining Unicode char U+00C4 (decimal 196)
   defining Unicode char U+00C5 (decimal 197)
   defining Unicode char U+00C6 (decimal 198)
   defining Unicode char U+00C7 (decimal 199)
   defining Unicode char U+00C8 (decimal 200)
   defining Unicode char U+00C9 (decimal 201)
   defining Unicode char U+00CA (decimal 202)
   defining Unicode char U+00CB (decimal 203)
   defining Unicode char U+00CC (decimal 204)
   defining Unicode char U+00CD (decimal 205)
   defining Unicode char U+00CE (decimal 206)
   defining Unicode char U+00CF (decimal 207)
   defining Unicode char U+00D0 (decimal 208)
   defining Unicode char U+00D1 (decimal 209)
   defining Unicode char U+00D2 (decimal 210)
   defining Unicode char U+00D3 (decimal 211)
   defining Unicode char U+00D4 (decimal 212)
   defining Unicode char U+00D5 (decimal 213)
   defining Unicode char U+00D6 (decimal 214)
   defining Unicode char U+00D8 (decimal 216)
   defining Unicode char U+00D9 (decimal 217)
   defining Unicode char U+00DA (decimal 218)
   defining Unicode char U+00DB (decimal 219)
   defining Unicode char U+00DC (decimal 220)
   defining Unicode char U+00DD (decimal 221)
   defining Unicode char U+00DE (decimal 222)
   defining Unicode char U+00DF (decimal 223)
   defining Unicode char U+00E0 (decimal 224)
   defining Unicode char U+00E1 (decimal 225)
   defining Unicode char U+00E2 (decimal 226)
   defining Unicode char U+00E3 (decimal 227)
   defining Unicode char U+00E4 (decimal 228)
   defining Unicode char U+00E5 (decimal 229)
   defining Unicode char U+00E6 (decimal 230)
   defining Unicode char U+00E7 (decimal 231)
   defining Unicode char U+00E8 (decimal 232)
   defining Unicode char U+00E9 (decimal 233)
   defining Unicode char U+00EA (decimal 234)
   defining Unicode char U+00EB (decimal 235)
   defining Unicode char U+00EC (decimal 236)
   defining Unicode char U+00ED (decimal 237)
   defining Unicode char U+00EE (decimal 238)
   defining Unicode char U+00EF (decimal 239)
   defining Unicode char U+00F0 (decimal 240)
   defining Unicode char U+00F1 (decimal 241)
   defining Unicode char U+00F2 (decimal 242)
   defining Unicode char U+00F3 (decimal 243)
   defining Unicode char U+00F4 (decimal 244)
   defining Unicode char U+00F5 (decimal 245)
   defining Unicode char U+00F6 (decimal 246)
   defining Unicode char U+00F8 (decimal 248)
   defining Unicode char U+00F9 (decimal 249)
   defining Unicode char U+00FA (decimal 250)
   defining Unicode char U+00FB (decimal 251)
   defining Unicode char U+00FC (decimal 252)
   defining Unicode char U+00FD (decimal 253)
   defining Unicode char U+00FE (decimal 254)
   defining Unicode char U+00FF (decimal 255)
   defining Unicode char U+0102 (decimal 258)
   defining Unicode char U+0103 (decimal 259)
   defining Unicode char U+0104 (decimal 260)
   defining Unicode char U+0105 (decimal 261)
   defining Unicode char U+0106 (decimal 262)
   defining Unicode char U+0107 (decimal 263)
   defining Unicode char U+010C (decimal 268)
   defining Unicode char U+010D (decimal 269)
   defining Unicode char U+010E (decimal 270)
   defining Unicode char U+010F (decimal 271)
   defining Unicode char U+0110 (decimal 272)
   defining Unicode char U+0111 (decimal 273)
   defining Unicode char U+0118 (decimal 280)
   defining Unicode char U+0119 (decimal 281)
   defining Unicode char U+011A (decimal 282)
   defining Unicode char U+011B (decimal 283)
   defining Unicode char U+011E (decimal 286)
   defining Unicode char U+011F (decimal 287)
   defining Unicode char U+0130 (decimal 304)
   defining Unicode char U+0131 (decimal 305)
   defining Unicode char U+0132 (decimal 306)
   defining Unicode char U+0133 (decimal 307)
   defining Unicode char U+0139 (decimal 313)
   defining Unicode char U+013A (decimal 314)
   defining Unicode char U+013D (decimal 317)
   defining Unicode char U+013E (decimal 318)
   defining Unicode char U+0141 (decimal 321)
   defining Unicode char U+0142 (decimal 322)
   defining Unicode char U+0143 (decimal 323)
   defining Unicode char U+0144 (decimal 324)
   defining Unicode char U+0147 (decimal 327)
   defining Unicode char U+0148 (decimal 328)
   defining Unicode char U+014A (decimal 330)
   defining Unicode char U+014B (decimal 331)
   defining Unicode char U+0150 (decimal 336)
   defining Unicode char U+0151 (decimal 337)
   defining Unicode char U+0152 (decimal 338)
   defining Unicode char U+0153 (decimal 339)
   defining Unicode char U+0154 (decimal 340)
   defining Unicode char U+0155 (decimal 341)
   defining Unicode char U+0158 (decimal 344)
   defining Unicode char U+0159 (decimal 345)
   defining Unicode char U+015A (decimal 346)
   defining Unicode char U+015B (decimal 347)
   defining Unicode char U+015E (decimal 350)
   defining Unicode char U+015F (decimal 351)
   defining Unicode char U+0160 (decimal 352)
   defining Unicode char U+0161 (decimal 353)
   defining Unicode char U+0162 (decimal 354)
   defining Unicode char U+0163 (decimal 355)
   defining Unicode char U+0164 (decimal 356)
   defining Unicode char U+0165 (decimal 357)
   defining Unicode char U+016E (decimal 366)
   defining Unicode char U+016F (decimal 367)
   defining Unicode char U+0170 (decimal 368)
   defining Unicode char U+0171 (decimal 369)
   defining Unicode char U+0178 (decimal 376)
   defining Unicode char U+0179 (decimal 377)
   defining Unicode char U+017A (decimal 378)
   defining Unicode char U+017B (decimal 379)
   defining Unicode char U+017C (decimal 380)
   defining Unicode char U+017D (decimal 381)
   defining Unicode char U+017E (decimal 382)
   defining Unicode char U+200C (decimal 8204)
   defining Unicode char U+2013 (decimal 8211)
   defining Unicode char U+2014 (decimal 8212)
   defining Unicode char U+2018 (decimal 8216)
   defining Unicode char U+2019 (decimal 8217)
   defining Unicode char U+201A (decimal 8218)
   defining Unicode char U+201C (decimal 8220)
   defining Unicode char U+201D (decimal 8221)
   defining Unicode char U+201E (decimal 8222)
   defining Unicode char U+2030 (decimal 8240)
   defining Unicode char U+2031 (decimal 8241)
   defining Unicode char U+2039 (decimal 8249)
   defining Unicode char U+203A (decimal 8250)
   defining Unicode char U+2423 (decimal 9251)
)
Now handling font encoding OT1 ...
... processing UTF-8 mapping file for font encoding OT1

(/usr/share/texlive/texmf-dist/tex/latex/base/ot1enc.dfu
File: ot1enc.dfu 2008/04/05 v1.1m UTF-8 support for inputenc
   defining Unicode char U+00A1 (decimal 161)
   defining Unicode char U+00A3 (decimal 163)
   defining Unicode char U+00B8 (decimal 184)
   defining Unicode char U+00BF (decimal 191)
   defining Unicode char U+00C5 (decimal 197)
   defining Unicode char U+00C6 (decimal 198)
   defining Unicode char U+00D8 (decimal 216)
   defining Unicode char U+00DF (decimal 223)
   defining Unicode char U+00E6 (decimal 230)
   defining Unicode char U+00EC (decimal 236)
   defining Unicode char U+00ED (decimal 237)
   defining Unicode char U+00EE (decimal 238)
   defining Unicode char U+00EF (decimal 239)
   defining Unicode char U+00F8 (decimal 248)
   defining Unicode char U+0131 (decimal 305)
   defining Unicode char U+0141 (decimal 321)
   defining Unicode char U+0142 (decimal 322)
   defining Unicode char U+0152 (decimal 338)
   defining Unicode char U+0153 (decimal 339)
   defining Unicode char U+2013 (decimal 8211)
   defining Unicode char U+2014 (decimal 8212)
   defining Unicode char U+2018 (decimal 8216)
   defining Unicode char U+2019 (decimal 8217)
   defining Unicode char U+201C (decimal 8220)
   defining Unicode char U+201D (decimal 8221)
)
Now handling font encoding OMS ...
... processing UTF-8 mapping file for font encoding OMS

(/usr/share/texlive/texmf-dist/tex/latex/base/omsenc.dfu
File: omsenc.dfu 2008/04/05 v1.1m UTF-8 support for inputenc
   defining Unicode char U+00A7 (decimal 167)
   defining Unicode char U+00B6 (decimal 182)
   defining Unicode char U+00B7 (decimal 183)
   defining Unicode char U+2020 (decimal 8224)
   defining Unicode char U+2021 (decimal 8225)
   defining Unicode char U+2022 (decimal 8226)
)
Now handling font encoding OMX ...
... no UTF-8 mapping file for font encoding OMX
Now handling font encoding U ...
... no UTF-8 mapping file for font encoding U
   defining Unicode char U+00A9 (decimal 169)
   defining Unicode char U+00AA (decimal 170)
   defining Unicode char U+00AE (decimal 174)
   defining Unicode char U+00BA (decimal 186)
   defining Unicode char U+02C6 (decimal 710)
   defining Unicode char U+02DC (decimal 732)
   defining Unicode char U+200C (decimal 8204)
   defining Unicode char U+2026 (decimal 8230)
   defining Unicode char U+2122 (decimal 8482)
   defining Unicode char U+2423 (decimal 9251)
))
(/usr/share/texlive/texmf-dist/tex/latex/psnfss/charter.sty
Package: charter 2005/04/12 PSNFSS-v9.2a (P.Dyballa) 
)
(/usr/share/texlive/texmf-dist/tex/latex/graphics/graphicx.sty
Package: graphicx 1999/02/16 v1.0f Enhanced LaTeX Graphics (DPC,SPQR)

(/usr/share/texlive/texmf-dist/tex/latex/graphics/keyval.sty
Package: keyval 1999/03/16 v1.13 key=value parser (DPC)
\KV@toks@=\toks17
)
(/usr/share/texlive/texmf-dist/tex/latex/graphics/graphics.sty
Package: graphics 2009/02/05 v1.0o Standard LaTeX Graphics (DPC,SPQR)

(/usr/share/texlive/texmf-dist/tex/latex/graphics/trig.sty
Package: trig 1999/03/16 v1.09 sin cos tan (DPC)
)
(/usr/share/texlive/texmf-dist/tex/latex/latexconfig/graphics.cfg
File: graphics.cfg 2010/04/23 v1.9 graphics configuration of TeX Live
)
Package graphics Info: Driver file: pdftex.def on input line 91.

(/usr/share/texlive/texmf-dist/tex/latex/pdftex-def/pdftex.def
File: pdftex.def 2011/05/27 v0.06d Graphics/color for pdfTeX

(/usr/share/texlive/texmf-dist/tex/generic/oberdiek/infwarerr.sty
Package: infwarerr 2010/04/08 v1.3 Providing info/warning/error messages (HO)
)
(/usr/share/texlive/texmf-dist/tex/generic/oberdiek/ltxcmds.sty
Package: ltxcmds 2011/11/09 v1.22 LaTeX kernel commands for general use (HO)
)
\Gread@gobject=\count90
))
\Gin@req@height=\dimen104
\Gin@req@width=\dimen105
)
(/usr/share/texlive/texmf-dist/tex/latex/algorithm2e/algorithm2e.sty
Package: algorithm2e 2013/01/06 v5.00 algorithms environments
\c@AlgoLine=\count91

(/usr/share/texlive/texmf-dist/tex/latex/base/ifthen.sty
Package: ifthen 2001/05/26 v1.1c Standard LaTeX ifthen package (DPC)
)
(/usr/share/texlive/texmf-dist/tex/latex/tools/xspace.sty
Package: xspace 2009/10/20 v1.13 Space after command names (DPC,MH)
)
(/usr/share/texlive/texmf-dist/tex/latex/relsize/relsize.sty
Package: relsize 2013/03/29 ver 4.1
)
********************************************************
Package `algorithm2e' Release 5.0 -- january 06 2013 --
- algorithm2e-announce@lirmm.fr mailing list for announcement about releases
- algorithm2e-discussion@lirmm.fr mailing list for discussion about package
subscribe by emailing sympa@lirmm.fr with 'subscribe <list> <firstname name>'
- Author: Christophe Fiorio (cfiorio@um2.fr)
********************************************************
\skiptotal=\skip43
\skiplinenumber=\skip44
\skiprule=\skip45
\skiphlne=\skip46
\skiptext=\skip47
\skiplength=\skip48
\algomargin=\skip49
\skipalgocfslide=\skip50
\algowidth=\dimen106
\inoutsize=\dimen107
\inoutindent=\dimen108
\interspacetitleruled=\dimen109
\interspacealgoruled=\dimen110
\interspacetitleboxruled=\dimen111
\algocf@inoutbox=\box26
\algocf@inputbox=\box27
\AlCapSkip=\skip51
\AlCapHSkip=\skip52
\algoskipindent=\skip53
\algocf@nlbox=\box28
\algocf@hangingbox=\box29
\algocf@untilbox=\box30
\algocf@skipuntil=\skip54
\algocf@capbox=\box31
\algoheightruledefault=\skip55
\algoheightrule=\skip56
\algotitleheightruledefault=\skip57
\algotitleheightrule=\skip58
\c@algocfline=\count92
\c@algocfproc=\count93
\c@algocf=\count94
\algocf@algoframe=\box32
\algocf@algobox=\box33
) (/usr/share/texlive/texmf-dist/tex/latex/base/makeidx.sty
Package: makeidx 2000/03/29 v1.0m Standard LaTeX package
)
(/usr/share/texlive/texmf-dist/tex/latex/paralist/paralist.sty
Package: paralist 2013/06/09 v2.4 Extended list environments
\pltopsep=\skip59
\plpartopsep=\skip60
\plitemsep=\skip61
\plparsep=\skip62
\pl@lab=\toks18
)
(/usr/share/texlive/texmf-dist/tex/latex/multirow/multirow.sty
\bigstrutjot=\dimen112
)
(/usr/share/texlive/texmf-dist/tex/latex/float/float.sty
Package: float 2001/11/08 v1.3d Float enhancements (AL)
\c@float@type=\count95
\float@exts=\toks19
\float@box=\box34
\@float@everytoks=\toks20
\@floatcapt=\box35
)
(/usr/share/texlive/texmf-dist/tex/latex/amsmath/amsmath.sty
Package: amsmath 2013/01/14 v2.14 AMS math features
\@mathmargin=\skip63

For additional information on amsmath, use the `?' option.
(/usr/share/texlive/texmf-dist/tex/latex/amsmath/amstext.sty
Package: amstext 2000/06/29 v2.01

(/usr/share/texlive/texmf-dist/tex/latex/amsmath/amsgen.sty
File: amsgen.sty 1999/11/30 v2.0
\@emptytoks=\toks21
\ex@=\dimen113
))
(/usr/share/texlive/texmf-dist/tex/latex/amsmath/amsbsy.sty
Package: amsbsy 1999/11/29 v1.2d
\pmbraise@=\dimen114
)
(/usr/share/texlive/texmf-dist/tex/latex/amsmath/amsopn.sty
Package: amsopn 1999/12/14 v2.01 operator names
)
\inf@bad=\count96
LaTeX Info: Redefining \frac on input line 210.
\uproot@=\count97
\leftroot@=\count98
LaTeX Info: Redefining \overline on input line 306.
\classnum@=\count99
\DOTSCASE@=\count100
LaTeX Info: Redefining \ldots on input line 378.
LaTeX Info: Redefining \dots on input line 381.
LaTeX Info: Redefining \cdots on input line 466.
\Mathstrutbox@=\box36
\strutbox@=\box37
\big@size=\dimen115
LaTeX Font Info:    Redeclaring font encoding OML on input line 566.
LaTeX Font Info:    Redeclaring font encoding OMS on input line 567.
\macc@depth=\count101
\c@MaxMatrixCols=\count102
\dotsspace@=\muskip10
\c@parentequation=\count103
\dspbrk@lvl=\count104
\tag@help=\toks22
\row@=\count105
\column@=\count106
\maxfields@=\count107
\andhelp@=\toks23
\eqnshift@=\dimen116
\alignsep@=\dimen117
\tagshift@=\dimen118
\tagwidth@=\dimen119
\totwidth@=\dimen120
\lineht@=\dimen121
\@envbody=\toks24
\multlinegap=\skip64
\multlinetaggap=\skip65
\mathdisplay@stack=\toks25
LaTeX Info: Redefining \[ on input line 2665.
LaTeX Info: Redefining \] on input line 2666.
)
(/usr/share/texlive/texmf-dist/tex/latex/amscls/amsthm.sty
Package: amsthm 2004/08/06 v2.20
\thm@style=\toks26
\thm@bodyfont=\toks27
\thm@headfont=\toks28
\thm@notefont=\toks29
\thm@headpunct=\toks30
\thm@preskip=\skip66
\thm@postskip=\skip67
\thm@headsep=\skip68
\dth@everypar=\toks31
)
(/usr/share/texlive/texmf-dist/tex/latex/amsfonts/amssymb.sty
Package: amssymb 2013/01/14 v3.01 AMS font symbols

(/usr/share/texlive/texmf-dist/tex/latex/amsfonts/amsfonts.sty
Package: amsfonts 2013/01/14 v3.01 Basic AMSFonts support
\symAMSa=\mathgroup4
\symAMSb=\mathgroup5
LaTeX Font Info:    Overwriting math alphabet `\mathfrak' in version `bold'
(Font)                  U/euf/m/n --> U/euf/b/n on input line 106.
))
(/usr/share/texlive/texmf-dist/tex/latex/sectsty/sectsty.sty
Package: sectsty 2002/02/25 v2.0.2 Commands to change all sectional heading sty
les
)
(/usr/share/texlive/texmf-dist/tex/latex/wrapfig/wrapfig.sty
\wrapoverhang=\dimen122
\WF@size=\dimen123
\c@WF@wrappedlines=\count108
\WF@box=\box38
\WF@everypar=\toks32
Package: wrapfig 2003/01/31  v 3.6
)
(/usr/share/texlive/texmf-dist/tex/latex/listings/listings.sty
\lst@mode=\count109
\lst@gtempboxa=\box39
\lst@token=\toks33
\lst@length=\count110
\lst@currlwidth=\dimen124
\lst@column=\count111
\lst@pos=\count112
\lst@lostspace=\dimen125
\lst@width=\dimen126
\lst@newlines=\count113
\lst@lineno=\count114
\lst@maxwidth=\dimen127

(/usr/share/texlive/texmf-dist/tex/latex/listings/lstmisc.sty
File: lstmisc.sty 2013/08/26 1.5b (Carsten Heinz)
\c@lstnumber=\count115
\lst@skipnumbers=\count116
\lst@framebox=\box40
)
(/usr/share/texlive/texmf-dist/tex/latex/listings/listings.cfg
File: listings.cfg 2013/08/26 1.5b listings configuration
))
Package: listings 2013/08/26 1.5b (Carsten Heinz)

(/usr/share/texlive/texmf-dist/tex/latex/listings/lstlang1.sty
File: lstlang1.sty 2013/08/26 1.5b listings language file
)
(/usr/share/texlive/texmf-dist/tex/latex/listings/lstmisc.sty
File: lstmisc.sty 2013/08/26 1.5b (Carsten Heinz)
)
(./codesnippet.tex (/usr/share/texlive/texmf-dist/tex/latex/graphics/color.sty
Package: color 2005/11/14 v1.0j Standard LaTeX Color (DPC)

(/usr/share/texlive/texmf-dist/tex/latex/latexconfig/color.cfg
File: color.cfg 2007/01/18 v1.5 color configuration of teTeX/TeXLive
)
Package color Info: Driver file: pdftex.def on input line 130.
)
(/usr/share/texlive/texmf-dist/tex/latex/fancybox/fancybox.sty
Package: fancybox 2010/05/15 1.4

Style option: `fancybox' v1.4 <2010/05/15> (tvz)
\@fancybox=\box41
\shadowsize=\dimen128
\@Sbox=\box42
\do@VerbBox=\toks34
\the@fancyput=\toks35
\this@fancyput=\toks36
\EndVerbatimTokens=\toks37
\Verbatim@Outfile=\write3
\Verbatim@Infile=\read1
)) (./page.layout.tex
(/usr/share/texlive/texmf-dist/tex/latex/fancyhdr/fancyhdr.sty
\fancy@headwidth=\skip69
\f@ncyO@elh=\skip70
\f@ncyO@erh=\skip71
\f@ncyO@olh=\skip72
\f@ncyO@orh=\skip73
\f@ncyO@elf=\skip74
\f@ncyO@erf=\skip75
\f@ncyO@olf=\skip76
\f@ncyO@orf=\skip77
))
(/usr/share/texlive/texmf-dist/tex/latex/underscore/underscore.sty
Package: underscore 2006/09/13
LaTeX Info: Redefining \_ on input line 42.
)
(./caratula.sty
Package: caratula 2005/08/09 v0.3 Para componer caratulas de TPs del DC

Cargando package 'caratula' v0.3 (2005/08/09)
\intlist=\toks38
) (/usr/share/texlive/texmf-dist/tex/latex/url/url.sty
\Urlmuskip=\muskip11
Package: url 2013/09/16  ver 3.4  Verb mode for urls, etc.
) (./Informe.aux
LaTeX Info: Redefining \. on input line 7.
LaTeX Info: Redefining \% on input line 7.
)
\openout1 = `Informe.aux'.

LaTeX Font Info:    Checking defaults for OML/cmm/m/it on input line 47.
LaTeX Font Info:    ... okay on input line 47.
LaTeX Font Info:    Checking defaults for T1/cmr/m/n on input line 47.
LaTeX Font Info:    ... okay on input line 47.
LaTeX Font Info:    Checking defaults for OT1/cmr/m/n on input line 47.
LaTeX Font Info:    ... okay on input line 47.
LaTeX Font Info:    Checking defaults for OMS/cmsy/m/n on input line 47.
LaTeX Font Info:    ... okay on input line 47.
LaTeX Font Info:    Checking defaults for OMX/cmex/m/n on input line 47.
LaTeX Font Info:    ... okay on input line 47.
LaTeX Font Info:    Checking defaults for U/cmr/m/n on input line 47.
LaTeX Font Info:    ... okay on input line 47.
LaTeX Font Info:    Try loading font information for OT1+bch on input line 47.

(/usr/share/texlive/texmf-dist/tex/latex/psnfss/ot1bch.fd
File: ot1bch.fd 2004/10/18 font definitions for OT1/bch.
)
LaTeX Info: Redefining \. on input line 47.
LaTeX Info: Redefining \% on input line 47.

(/usr/share/texlive/texmf-dist/tex/context/base/supp-pdf.mkii
[Loading MPS to PDF converter (version 2006.09.02).]
\scratchcounter=\count117
\scratchdimen=\dimen129
\scratchbox=\box43
\nofMPsegments=\count118
\nofMParguments=\count119
\everyMPshowfont=\toks39
\MPscratchCnt=\count120
\MPscratchDim=\dimen130
\MPnumerator=\count121
\makeMPintoPDFobject=\count122
\everyMPtoPDFconversion=\toks40
) (/usr/share/texlive/texmf-dist/tex/generic/oberdiek/pdftexcmds.sty
Package: pdftexcmds 2011/11/29 v0.20 Utility functions of pdfTeX for LuaTeX (HO
)

(/usr/share/texlive/texmf-dist/tex/generic/oberdiek/ifluatex.sty
Package: ifluatex 2010/03/01 v1.3 Provides the ifluatex switch (HO)
Package ifluatex Info: LuaTeX not detected.
)
(/usr/share/texlive/texmf-dist/tex/generic/oberdiek/ifpdf.sty
Package: ifpdf 2011/01/30 v2.3 Provides the ifpdf switch (HO)
Package ifpdf Info: pdfTeX in PDF mode is detected.
)
Package pdftexcmds Info: LuaTeX not detected.
Package pdftexcmds Info: \pdf@primitive is available.
Package pdftexcmds Info: \pdf@ifprimitive is available.
Package pdftexcmds Info: \pdfdraftmode found.
)
(/usr/share/texlive/texmf-dist/tex/latex/oberdiek/epstopdf-base.sty
Package: epstopdf-base 2010/02/09 v2.5 Base part for package epstopdf

(/usr/share/texlive/texmf-dist/tex/latex/oberdiek/grfext.sty
Package: grfext 2010/08/19 v1.1 Manage graphics extensions (HO)

(/usr/share/texlive/texmf-dist/tex/generic/oberdiek/kvdefinekeys.sty
Package: kvdefinekeys 2011/04/07 v1.3 Define keys (HO)
))
(/usr/share/texlive/texmf-dist/tex/latex/oberdiek/kvoptions.sty
Package: kvoptions 2011/06/30 v3.11 Key value format for package options (HO)

(/usr/share/texlive/texmf-dist/tex/generic/oberdiek/kvsetkeys.sty
Package: kvsetkeys 2012/04/25 v1.16 Key value parser (HO)

(/usr/share/texlive/texmf-dist/tex/generic/oberdiek/etexcmds.sty
Package: etexcmds 2011/02/16 v1.5 Avoid name clashes with e-TeX commands (HO)
Package etexcmds Info: Could not find \expanded.
(etexcmds)             That can mean that you are not using pdfTeX 1.50 or
(etexcmds)             that some package has redefined \expanded.
(etexcmds)             In the latter case, load this package earlier.
)))
Package grfext Info: Graphics extension search list:
(grfext)             [.png,.pdf,.jpg,.mps,.jpeg,.jbig2,.jb2,.PNG,.PDF,.JPG,.JPE
G,.JBIG2,.JB2,.eps]
(grfext)             \AppendGraphicsExtensions on input line 452.

(/usr/share/texlive/texmf-dist/tex/latex/latexconfig/epstopdf-sys.cfg
File: epstopdf-sys.cfg 2010/07/13 v1.3 Configuration of (r)epstopdf for TeX Liv
e
))
\c@lstlisting=\count123

<imagenes/logodc.jpg, id=7, 215.6055pt x 83.5923pt>
File: imagenes/logodc.jpg Graphic file (type jpg)
 <use imagenes/logodc.jpg>
Package pdftex.def Info: imagenes/logodc.jpg used on input line 58.
(pdftex.def)             Requested size: 215.60497pt x 83.59207pt.
LaTeX Font Info:    Try loading font information for U+msa on input line 58.

(/usr/share/texlive/texmf-dist/tex/latex/amsfonts/umsa.fd
File: umsa.fd 2013/01/14 v3.01 AMS symbols A
)
LaTeX Font Info:    Try loading font information for U+msb on input line 58.

(/usr/share/texlive/texmf-dist/tex/latex/amsfonts/umsb.fd
File: umsb.fd 2013/01/14 v3.01 AMS symbols B
)
<imagenes/logouba.jpg, id=8, 225.4824pt x 231.7458pt>
File: imagenes/logouba.jpg Graphic file (type jpg)

<use imagenes/logouba.jpg>
Package pdftex.def Info: imagenes/logouba.jpg used on input line 58.
(pdftex.def)             Requested size: 225.48184pt x 231.74522pt.


LaTeX Font Warning: Font shape `OT1/cmss/b/n' undefined
(Font)              using `OT1/cmss/m/n' instead on input line 58.


Underfull \hbox (badness 10000) in paragraph at lines 58--58

 []


Overfull \hbox (22.76358pt too wide) in paragraph at lines 58--58
[][][] 
 []

[2

 <./imagenes/logodc.jpg> <./imagenes/logouba.jpg>] (./Informe.toc
LaTeX Info: Redefining \. on input line 1.
LaTeX Info: Redefining \% on input line 1.
)
\tf@toc=\write4
\openout4 = `Informe.toc'.

 [3]
Underfull \hbox (badness 10000) in paragraph at lines 115--116

 []


Underfull \hbox (badness 10000) in paragraph at lines 117--119

 []

LaTeX Info: Redefining \. on input line 119.
LaTeX Info: Redefining \% on input line 119.
[4]
Underfull \hbox (badness 10000) in paragraph at lines 137--138

 []

LaTeX Info: Redefining \. on input line 139.
LaTeX Info: Redefining \% on input line 139.
[5]
Underfull \hbox (badness 10000) in paragraph at lines 142--143

 []


Underfull \hbox (badness 10000) in paragraph at lines 144--145

 []


Underfull \hbox (badness 10000) in paragraph at lines 146--148

 []


Underfull \hbox (badness 10000) in paragraph at lines 149--150

 []


Underfull \hbox (badness 10000) in paragraph at lines 151--152

 []


Underfull \hbox (badness 10000) in paragraph at lines 153--154

 []


Underfull \hbox (badness 10000) in paragraph at lines 155--156

 []


Underfull \hbox (badness 10000) in paragraph at lines 167--193

 []


Underfull \hbox (badness 10000) in paragraph at lines 167--193

 []

LaTeX Info: Redefining \. on input line 193.
LaTeX Info: Redefining \% on input line 193.
[6] <1exp13a.jpg, id=33, 607.26875pt x 341.275pt>
File: 1exp13a.jpg Graphic file (type jpg)
 <use 1exp13a.jpg>
Package pdftex.def Info: 1exp13a.jpg used on input line 196.
(pdftex.def)             Requested size: 318.66946pt x 179.08873pt.

<1exp13b.jpg, id=34, 607.26875pt x 341.275pt>
File: 1exp13b.jpg Graphic file (type jpg)
 <use 1exp13b.jpg>
Package pdftex.def Info: 1exp13b.jpg used on input line 201.
(pdftex.def)             Requested size: 318.66946pt x 179.08873pt.
LaTeX Info: Redefining \. on input line 204.
LaTeX Info: Redefining \% on input line 204.
 [7 <./1exp13a.jpg> <./1exp13b.jpg>] <1exp13c.jpg, id=39, 607.26875pt x 341.275
pt>
File: 1exp13c.jpg Graphic file (type jpg)

<use 1exp13c.jpg>
Package pdftex.def Info: 1exp13c.jpg used on input line 235.
(pdftex.def)             Requested size: 318.66946pt x 179.08873pt.
 <1exp13d.jpg, id=40, 607.26875pt x 341.275pt>
File: 1exp13d.jpg Graphic file (type jpg)

<use 1exp13d.jpg>
Package pdftex.def Info: 1exp13d.jpg used on input line 240.
(pdftex.def)             Requested size: 318.66946pt x 179.08873pt.
LaTeX Info: Redefining \. on input line 243.
LaTeX Info: Redefining \% on input line 243.
 [8 <./1exp13c.jpg> <./1exp13d.jpg>]
Underfull \hbox (badness 10000) in paragraph at lines 279--281

 []

<1exp14a.jpg, id=44, 607.26875pt x 341.275pt>
File: 1exp14a.jpg Graphic file (type jpg)
 <use 1exp14a.jpg>
Package pdftex.def Info: 1exp14a.jpg used on input line 297.
(pdftex.def)             Requested size: 318.66946pt x 179.08873pt.

<1exp14b.jpg, id=45, 607.26875pt x 341.275pt>
File: 1exp14b.jpg Graphic file (type jpg)
 <use 1exp14b.jpg>
Package pdftex.def Info: 1exp14b.jpg used on input line 302.
(pdftex.def)             Requested size: 318.66946pt x 179.08873pt.


LaTeX Warning: `h' float specifier changed to `ht'.

LaTeX Info: Redefining \. on input line 314.
LaTeX Info: Redefining \% on input line 314.
[9 <./1exp14a.jpg>]
Underfull \hbox (badness 10000) in paragraph at lines 323--323
[]\OT1/bch/m/n/10 ASM c/ 4 inst
 []


Underfull \hbox (badness 10000) in paragraph at lines 323--323
[]\OT1/bch/m/n/10 ASM c/ 8 inst
 []


Underfull \hbox (badness 6542) in paragraph at lines 323--324
[]\OT1/bch/m/n/10 ASM c/ 16 inst
 []


Overfull \hbox (31.54723pt too wide) in paragraph at lines 322--338
 [] 
 []


Underfull \hbox (badness 10000) in paragraph at lines 344--344
[]\OT1/bch/m/n/10 ASM c/ 4
 []


Underfull \hbox (badness 10000) in paragraph at lines 344--344
[]\OT1/bch/m/n/10 ASM c/ 8
 []


Underfull \hbox (badness 2970) in paragraph at lines 344--345
[]\OT1/bch/m/n/10 ASM c/ 16
 []


Underfull \hbox (badness 10000) in paragraph at lines 342--355

 []

<1exp15a.jpg, id=49, 607.26875pt x 341.275pt>
File: 1exp15a.jpg Graphic file (type jpg)
 <use 1exp15a.jpg>
Package pdftex.def Info: 1exp15a.jpg used on input line 358.
(pdftex.def)             Requested size: 318.66946pt x 179.08873pt.


LaTeX Warning: `h' float specifier changed to `ht'.

<1exp15b.jpg, id=50, 607.26875pt x 341.275pt>
File: 1exp15b.jpg Graphic file (type jpg)
 <use 1exp15b.jpg>
Package pdftex.def Info: 1exp15b.jpg used on input line 363.
(pdftex.def)             Requested size: 318.66946pt x 179.08873pt.


LaTeX Warning: `h' float specifier changed to `ht'.

LaTeX Info: Redefining \. on input line 376.
LaTeX Info: Redefining \% on input line 376.
[10 <./1exp14b.jpg>]
Underfull \hbox (badness 10000) in paragraph at lines 394--400

 []

LaTeX Info: Redefining \. on input line 452.
LaTeX Info: Redefining \% on input line 452.
[11 <./1exp15a.jpg> <./1exp15b.jpg>]
Underfull \hbox (badness 10000) in paragraph at lines 452--453

 []

LaTeX Info: Redefining \. on input line 453.
LaTeX Info: Redefining \% on input line 453.
[12]
Underfull \hbox (badness 10000) in paragraph at lines 457--460

 []


Underfull \hbox (badness 10000) in paragraph at lines 461--462

 []


Underfull \hbox (badness 10000) in paragraph at lines 490--491

 []

<1exp21.jpg, id=60, 607.26875pt x 341.275pt>
File: 1exp21.jpg Graphic file (type jpg)
 <use 1exp21.jpg>
Package pdftex.def Info: 1exp21.jpg used on input line 494.
(pdftex.def)             Requested size: 318.66946pt x 179.08873pt.

Underfull \hbox (badness 10000) in paragraph at lines 496--499

 []

<1exp21promedios.jpg, id=61, 607.26875pt x 341.275pt>
File: 1exp21promedios.jpg Graphic file (type jpg)

<use 1exp21promedios.jpg>
Package pdftex.def Info: 1exp21promedios.jpg used on input line 515.
(pdftex.def)             Requested size: 318.66946pt x 179.08873pt.


LaTeX Warning: `h' float specifier changed to `ht'.

<1exp21desvio.jpg, id=62, 607.26875pt x 341.275pt>
File: 1exp21desvio.jpg Graphic file (type jpg)
 <use 1exp21desvio.jpg>
Package pdftex.def Info: 1exp21desvio.jpg used on input line 520.
(pdftex.def)             Requested size: 318.66946pt x 179.08873pt.


LaTeX Warning: `h' float specifier changed to `ht'.


Underfull \hbox (badness 10000) in paragraph at lines 522--523

 []

LaTeX Info: Redefining \. on input line 523.
LaTeX Info: Redefining \% on input line 523.
[13 <./1exp21.jpg>]
Underfull \hbox (badness 10000) in paragraph at lines 527--528

 []

<2exp21.jpg, id=67, 607.26875pt x 341.275pt>
File: 2exp21.jpg Graphic file (type jpg)
 <use 2exp21.jpg>
Package pdftex.def Info: 2exp21.jpg used on input line 559.
(pdftex.def)             Requested size: 318.66946pt x 179.08873pt.


LaTeX Warning: `h' float specifier changed to `ht'.


Underfull \hbox (badness 10000) in paragraph at lines 561--562

 []

LaTeX Info: Redefining \. on input line 562.
LaTeX Info: Redefining \% on input line 562.
[14 <./1exp21promedios.jpg> <./1exp21desvio.jpg>]
<2exp21promedios.jpg, id=71, 607.26875pt x 341.275pt>
File: 2exp21promedios.jpg Graphic file (type jpg)

<use 2exp21promedios.jpg>
Package pdftex.def Info: 2exp21promedios.jpg used on input line 578.
(pdftex.def)             Requested size: 318.66946pt x 179.08873pt.
 <2exp21desvio.jpg, id=72, 606.265pt x 341.275pt>
File: 2exp21desvio.jpg Graphic file (type jpg)

<use 2exp21desvio.jpg>
Package pdftex.def Info: 2exp21desvio.jpg used on input line 582.
(pdftex.def)             Requested size: 318.66946pt x 179.38556pt.


LaTeX Warning: `h' float specifier changed to `ht'.

LaTeX Info: Redefining \. on input line 585.
LaTeX Info: Redefining \% on input line 585.
[15 <./2exp21.jpg> <./2exp21promedios.jpg>]
Underfull \hbox (badness 10000) in paragraph at lines 587--592

 []


Underfull \hbox (badness 10000) in paragraph at lines 622--623

 []


Underfull \hbox (badness 10000) in paragraph at lines 654--656

 []


Underfull \hbox (badness 10000) in paragraph at lines 660--660
\OT1/bch/m/n/10 truc-cio-nes
 []


Underfull \hbox (badness 10000) in paragraph at lines 660--660
\OT1/bch/m/n/10 truc-cio-nes
 []


Underfull \hbox (badness 10000) in paragraph at lines 660--661
[]\OT1/bch/m/n/10 Asm c/
 []


Underfull \hbox (badness 10000) in paragraph at lines 660--661
\OT1/bch/m/n/10 16 ins-
 []


Underfull \hbox (badness 10000) in paragraph at lines 660--661
\OT1/bch/m/n/10 truc-cio-nes
 []


Underfull \hbox (badness 10000) in paragraph at lines 662--662
[]\OT1/bch/m/n/10 Promedios
 []

LaTeX Info: Redefining \. on input line 666.
LaTeX Info: Redefining \% on input line 666.
[16 <./2exp21desvio.jpg>] <2exp22.jpg, id=79, 606.265pt x 341.275pt>
File: 2exp22.jpg Graphic file (type jpg)

<use 2exp22.jpg>
Package pdftex.def Info: 2exp22.jpg used on input line 671.
(pdftex.def)             Requested size: 318.66946pt x 179.38556pt.

Underfull \hbox (badness 10000) in paragraph at lines 682--688

 []

! Undefined control sequence.
<argument> ...ma = src\_matriz_{i,j}.r+src\matriz 
                                                  _{i,j}.g+src\matriz _{i,j}...
l.730  }
        
The control sequence at the end of the top line
of your error message was never \def'ed. If you have
misspelled it (e.g., `\hobx'), type `I' and the correct
spelling (e.g., `I\hbox'). Otherwise just continue,
and I'll forget about whatever was undefined.

! Undefined control sequence.
<argument> ...j}.r+src\matriz _{i,j}.g+src\matriz 
                                                  _{i,j}.b$\; \If {$suma<96$...
l.730  }
        
The control sequence at the end of the top line
of your error message was never \def'ed. If you have
misspelled it (e.g., `\hobx'), type `I' and the correct
spelling (e.g., `I\hbox'). Otherwise just continue,
and I'll forget about whatever was undefined.

LaTeX Info: Redefining \. on input line 733.
LaTeX Info: Redefining \% on input line 733.
[17 <./2exp22.jpg>]
Underfull \hbox (badness 10000) in paragraph at lines 733--734

 []

LaTeX Info: Redefining \. on input line 779.
LaTeX Info: Redefining \% on input line 779.
[18]
Underfull \hbox (badness 10000) in paragraph at lines 784--788

 []

LaTeX Info: Redefining \. on input line 814.
LaTeX Info: Redefining \% on input line 814.
[19]
Underfull \hbox (badness 10000) in paragraph at lines 815--818

 []


Underfull \hbox (badness 10000) in paragraph at lines 846--849

 []

<1exp31a.jpg, id=91, 607.26875pt x 341.275pt>
File: 1exp31a.jpg Graphic file (type jpg)
 <use 1exp31a.jpg>
Package pdftex.def Info: 1exp31a.jpg used on input line 874.
(pdftex.def)             Requested size: 318.66946pt x 179.08873pt.

<1exp31b.jpg, id=92, 607.26875pt x 341.275pt>
File: 1exp31b.jpg Graphic file (type jpg)
 <use 1exp31b.jpg>
Package pdftex.def Info: 1exp31b.jpg used on input line 879.
(pdftex.def)             Requested size: 318.66946pt x 179.08873pt.


LaTeX Warning: `h' float specifier changed to `ht'.


Underfull \hbox (badness 10000) in paragraph at lines 883--886

 []

LaTeX Info: Redefining \. on input line 886.
LaTeX Info: Redefining \% on input line 886.
[20 <./1exp31a.jpg>]
Underfull \hbox (badness 10000) in paragraph at lines 942--946

 []


Underfull \hbox (badness 10000) in paragraph at lines 942--946

 []

LaTeX Info: Redefining \. on input line 964.
LaTeX Info: Redefining \% on input line 964.
[21 <./1exp31b.jpg>]
Underfull \hbox (badness 10000) in paragraph at lines 965--968

 []

<1exp31c.jpg, id=99, 607.26875pt x 341.275pt>
File: 1exp31c.jpg Graphic file (type jpg)
 <use 1exp31c.jpg>
Package pdftex.def Info: 1exp31c.jpg used on input line 972.
(pdftex.def)             Requested size: 318.66946pt x 179.08873pt.

<1exp31d.jpg, id=100, 607.26875pt x 341.275pt>
File: 1exp31d.jpg Graphic file (type jpg)
 <use 1exp31d.jpg>
Package pdftex.def Info: 1exp31d.jpg used on input line 978.
(pdftex.def)             Requested size: 318.66946pt x 179.08873pt.
LaTeX Info: Redefining \. on input line 1011.
LaTeX Info: Redefining \% on input line 1011.
 [22 <./1exp31c.jpg> <./1exp31d.jpg>]
Overfull \hbox (20.52565pt too wide) in paragraph at lines 1014--1023
 [] 
 []

<1exp32a.jpg, id=104, 607.26875pt x 341.275pt>
File: 1exp32a.jpg Graphic file (type jpg)
 <use 1exp32a.jpg>
Package pdftex.def Info: 1exp32a.jpg used on input line 1028.
(pdftex.def)             Requested size: 318.66946pt x 179.08873pt.

<1exp32b.jpg, id=105, 607.26875pt x 341.275pt>
File: 1exp32b.jpg Graphic file (type jpg)
 <use 1exp32b.jpg>
Package pdftex.def Info: 1exp32b.jpg used on input line 1034.
(pdftex.def)             Requested size: 318.66946pt x 179.08873pt.

Underfull \hbox (badness 10000) in paragraph at lines 1038--1041

 []

LaTeX Info: Redefining \. on input line 1069.
LaTeX Info: Redefining \% on input line 1069.
[23 <./1exp32a.jpg> <./1exp32b.jpg>]
Underfull \hbox (badness 10000) in paragraph at lines 1071--1072

 []


Overfull \hbox (42.76564pt too wide) in paragraph at lines 1073--1082
 [] 
 []

<1exp32c.jpg, id=109, 607.26875pt x 341.275pt>
File: 1exp32c.jpg Graphic file (type jpg)
 <use 1exp32c.jpg>
Package pdftex.def Info: 1exp32c.jpg used on input line 1087.
(pdftex.def)             Requested size: 318.66946pt x 179.08873pt.

<1exp32d.jpg, id=110, 607.26875pt x 341.275pt>
File: 1exp32d.jpg Graphic file (type jpg)
 <use 1exp32d.jpg>
Package pdftex.def Info: 1exp32d.jpg used on input line 1092.
(pdftex.def)             Requested size: 318.66946pt x 179.08873pt.

Underfull \hbox (badness 10000) in paragraph at lines 1097--1100

 []

LaTeX Info: Redefining \. on input line 1118.
LaTeX Info: Redefining \% on input line 1118.
[24 <./1exp32c.jpg> <./1exp32d.jpg>]
Underfull \hbox (badness 10000) in paragraph at lines 1119--1120

 []


Overfull \hbox (53.88564pt too wide) in paragraph at lines 1122--1131
 [] 
 []


Underfull \hbox (badness 10000) in paragraph at lines 1132--1133

 []

<1exp32e.jpg, id=114, 607.26875pt x 341.275pt>
File: 1exp32e.jpg Graphic file (type jpg)
 <use 1exp32e.jpg>
Package pdftex.def Info: 1exp32e.jpg used on input line 1136.
(pdftex.def)             Requested size: 318.66946pt x 179.08873pt.

<1exp32f.jpg, id=115, 607.26875pt x 341.275pt>
File: 1exp32f.jpg Graphic file (type jpg)
 <use 1exp32f.jpg>
Package pdftex.def Info: 1exp32f.jpg used on input line 1141.
(pdftex.def)             Requested size: 318.66946pt x 179.08873pt.
LaTeX Info: Redefining \. on input line 1153.
LaTeX Info: Redefining \% on input line 1153.
 [25 <./1exp32e.jpg> <./1exp32f.jpg>]
LaTeX Info: Redefining \. on input line 1228.
LaTeX Info: Redefining \% on input line 1228.
 [26]
Underfull \hbox (badness 10000) in paragraph at lines 1228--1237

 []

LaTeX Info: Redefining \. on input line 1255.
LaTeX Info: Redefining \% on input line 1255.
[27]
Underfull \hbox (badness 10000) in paragraph at lines 1257--1260

 []


Underfull \hbox (badness 10000) in paragraph at lines 1287--1288

 []


Overfull \hbox (42.76564pt too wide) in paragraph at lines 1289--1298
 [] 
 []

<1exp41a.jpg, id=126, 607.26875pt x 341.275pt>
File: 1exp41a.jpg Graphic file (type jpg)
 <use 1exp41a.jpg>
Package pdftex.def Info: 1exp41a.jpg used on input line 1302.
(pdftex.def)             Requested size: 318.66946pt x 179.08873pt.

Underfull \hbox (badness 10000) in paragraph at lines 1299--1303

 []

<1exp41b.jpg, id=127, 607.26875pt x 341.275pt>
File: 1exp41b.jpg Graphic file (type jpg)
 <use 1exp41b.jpg>
Package pdftex.def Info: 1exp41b.jpg used on input line 1308.
(pdftex.def)             Requested size: 318.66946pt x 179.08873pt.

Underfull \hbox (badness 10000) in paragraph at lines 1304--1309

 []


Underfull \hbox (badness 10000) in paragraph at lines 1304--1309

 []

LaTeX Info: Redefining \. on input line 1310.
LaTeX Info: Redefining \% on input line 1310.
[28 <./1exp41a.jpg>]
Underfull \hbox (badness 10000) in paragraph at lines 1310--1313

 []


Underfull \hbox (badness 10000) in paragraph at lines 1342--1344

 []


Underfull \hbox (badness 10000) in paragraph at lines 1342--1344

 []


Overfull \hbox (48.32564pt too wide) in paragraph at lines 1345--1354
 [] 
 []

<1exp41c.jpg, id=131, 607.26875pt x 341.275pt>
File: 1exp41c.jpg Graphic file (type jpg)
 <use 1exp41c.jpg>
Package pdftex.def Info: 1exp41c.jpg used on input line 1359.
(pdftex.def)             Requested size: 318.66946pt x 179.08873pt.

Underfull \hbox (badness 10000) in paragraph at lines 1355--1360

 []


Underfull \hbox (badness 10000) in paragraph at lines 1355--1360

 []

<1exp41d.jpg, id=132, 607.26875pt x 341.275pt>
File: 1exp41d.jpg Graphic file (type jpg)
 <use 1exp41d.jpg>
Package pdftex.def Info: 1exp41d.jpg used on input line 1365.
(pdftex.def)             Requested size: 318.66946pt x 179.08873pt.

Underfull \hbox (badness 10000) in paragraph at lines 1361--1366

 []


Underfull \hbox (badness 10000) in paragraph at lines 1361--1366

 []

LaTeX Info: Redefining \. on input line 1366.
LaTeX Info: Redefining \% on input line 1366.
[29 <./1exp41b.jpg> <./1exp41c.jpg>]
Underfull \hbox (badness 10000) in paragraph at lines 1367--1370

 []


Underfull \hbox (badness 10000) in paragraph at lines 1391--1393

 []


Underfull \hbox (badness 10000) in paragraph at lines 1391--1393

 []


Overfull \hbox (28.86565pt too wide) in paragraph at lines 1394--1403
 [] 
 []

<1exp41e.jpg, id=136, 607.26875pt x 341.275pt>
File: 1exp41e.jpg Graphic file (type jpg)
 <use 1exp41e.jpg>
Package pdftex.def Info: 1exp41e.jpg used on input line 1408.
(pdftex.def)             Requested size: 318.66946pt x 179.08873pt.

Underfull \hbox (badness 10000) in paragraph at lines 1404--1409

 []


Underfull \hbox (badness 10000) in paragraph at lines 1404--1409

 []

<1exp41f.jpg, id=137, 607.26875pt x 341.275pt>
File: 1exp41f.jpg Graphic file (type jpg)
 <use 1exp41f.jpg>
Package pdftex.def Info: 1exp41f.jpg used on input line 1414.
(pdftex.def)             Requested size: 318.66946pt x 179.08873pt.

Underfull \hbox (badness 10000) in paragraph at lines 1410--1415

 []


Underfull \hbox (badness 10000) in paragraph at lines 1410--1415

 []

LaTeX Info: Redefining \. on input line 1415.
LaTeX Info: Redefining \% on input line 1415.
[30 <./1exp41d.jpg> <./1exp41e.jpg>]
LaTeX Info: Redefining \. on input line 1434.
LaTeX Info: Redefining \% on input line 1434.
 [31 <./1exp41f.jpg>] (./Informe.aux
LaTeX Info: Redefining \. on input line 7.
LaTeX Info: Redefining \% on input line 7.
)

LaTeX Font Warning: Some font shapes were not available, defaults substituted.

 ) 
Here is how much of TeX's memory you used:
 7229 strings out of 493304
 97120 string characters out of 6139871
 206906 words of memory out of 5000000
 10498 multiletter control sequences out of 15000+600000
 23403 words of font info for 44 fonts, out of 8000000 for 9000
 957 hyphenation exceptions out of 8191
 38i,20n,49p,1466b,437s stack positions out of 5000i,500n,10000p,200000b,80000s
{/usr/share/texlive/texmf-dist/fonts/enc/dvips/base/8r.enc}</usr/share/texliv
e/texmf-dist/fonts/type1/bitstrea/charter/bchb8a.pfb></usr/share/texlive/texmf-
dist/fonts/type1/bitstrea/charter/bchr8a.pfb></usr/share/texlive/texmf-dist/fon
ts/type1/public/amsfonts/cm/cmex10.pfb></usr/share/texlive/texmf-dist/fonts/typ
e1/public/amsfonts/cm/cmmi10.pfb></usr/share/texlive/texmf-dist/fonts/type1/pub
lic/amsfonts/cm/cmmi7.pfb></usr/share/texlive/texmf-dist/fonts/type1/public/ams
fonts/cm/cmr10.pfb></usr/share/texlive/texmf-dist/fonts/type1/public/amsfonts/c
m/cmr7.pfb></usr/share/texlive/texmf-dist/fonts/type1/public/amsfonts/cm/cmss10
.pfb></usr/share/texlive/texmf-dist/fonts/type1/public/amsfonts/cm/cmsy10.pfb><
/usr/share/texlive/texmf-dist/fonts/type1/public/amsfonts/cm/cmsy7.pfb></usr/sh
are/texlive/texmf-dist/fonts/type1/public/amsfonts/cm/cmtt10.pfb>
Output written on Informe.pdf (31 pages, 1114617 bytes).
PDF statistics:
 183 PDF objects out of 1000 (max. 8388607)
 104 compressed objects within 2 object streams
 0 named destinations out of 1000 (max. 500000)
 166 words of extra memory for PDF output out of 10000 (max. 10000000)

