C setup 8995fa8d4e5fb6dac14a4630089e1203  reader
094a07055ce38ee684c6429dd0187470  checker.class
1042af65cf012adf5662481a781620dc  glue.py
C sanity 8995fa8d4e5fb6dac14a4630089e1203  reader
094a07055ce38ee684c6429dd0187470  checker.class
1042af65cf012adf5662481a781620dc  glue.py
C 1-1 FAIL
C 1-2 FAIL
C 1-3 8995fa8d4e5fb6dac14a4630089e1203  reader
094a07055ce38ee684c6429dd0187470  checker.class
1042af65cf012adf5662481a781620dc  glue.py
C 4-4 c7948365529fd0aec0cf1f8f6cf78ee8  reader
094a07055ce38ee684c6429dd0187470  checker.class
1042af65cf012adf5662481a781620dc  glue.py
C 5-5 c7948365529fd0aec0cf1f8f6cf78ee8  reader
094a07055ce38ee684c6429dd0187470  checker.class
1042af65cf012adf5662481a781620dc  glue.py
C 6-6 FAIL
C 6-7 FAIL
C 6-8 FAIL
C 7-7 c7948365529fd0aec0cf1f8f6cf78ee8  reader
094a07055ce38ee684c6429dd0187470  checker.class
1042af65cf012adf5662481a781620dc  glue.py
C 8-8 FAIL
C 8-9 FAIL
C 8-10 FAIL
C 9-9 111605e9e7f4023f6039db2802bd454f  reader
094a07055ce38ee684c6429dd0187470  checker.class
1042af65cf012adf5662481a781620dc  glue.py
C 10-10 FAIL
C 10-11 FAIL
C 10-12 FAIL
C 11-11 FAIL
C 11-12 FAIL
C 11-13 FAIL
C 12-12 FAIL
C 12-13 FAIL
C 12-14 FAIL
C 13-13 24d6e4a9877544af5d8ad8b648081483  reader
094a07055ce38ee684c6429dd0187470  checker.class
1042af65cf012adf5662481a781620dc  glue.py
C 14-14 FAIL
C 14-15 FAIL
C 14-16 d91061f24d8abad07f141c3fca150621  reader
094a07055ce38ee684c6429dd0187470  checker.class
1042af65cf012adf5662481a781620dc  glue.py
C 17-17 882130812f8e483ecf3c9d653a1ce12f  reader
094a07055ce38ee684c6429dd0187470  checker.class
1042af65cf012adf5662481a781620dc  glue.py
C 18-18 FAIL
C 18-19 FAIL
C 18-20 FAIL
C 19-19 882130812f8e483ecf3c9d653a1ce12f  reader
094a07055ce38ee684c6429dd0187470  checker.class
1042af65cf012adf5662481a781620dc  glue.py
C 20-20 FAIL
C 20-21 FAIL
C 20-22 FAIL
C 21-21 882130812f8e483ecf3c9d653a1ce12f  reader
094a07055ce38ee684c6429dd0187470  checker.class
19cb2b70b8b6aae903b15c96e6cf665f  glue.py
C 22-22 882130812f8e483ecf3c9d653a1ce12f  reader
094a07055ce38ee684c6429dd0187470  checker.class
27e8a02e9cdac52279118b94a27b15ab  glue.py
C 23-23 882130812f8e483ecf3c9d653a1ce12f  reader
094a07055ce38ee684c6429dd0187470  checker.class
27e8a02e9cdac52279118b94a27b15ab  glue.py
C 24-24 882130812f8e483ecf3c9d653a1ce12f  reader
094a07055ce38ee684c6429dd0187470  checker.class
daf3d378465f6623f8e5b24cb5bba24c  glue.py
C 25-25 882130812f8e483ecf3c9d653a1ce12f  reader
094a07055ce38ee684c6429dd0187470  checker.class
30e2ce79a65efd2b8ccd0262c477d2f8  glue.py
C 26-26 882130812f8e483ecf3c9d653a1ce12f  reader
094a07055ce38ee684c6429dd0187470  checker.class
f85901180959958ceb48482a238bac9d  glue.py
C 27-27 882130812f8e483ecf3c9d653a1ce12f  reader
094a07055ce38ee684c6429dd0187470  checker.class
daf3d378465f6623f8e5b24cb5bba24c  glue.py
C 28-28 882130812f8e483ecf3c9d653a1ce12f  reader
094a07055ce38ee684c6429dd0187470  checker.class
5d7a34994428055f757e8cddb22ce2cb  glue.py
C 29-29 882130812f8e483ecf3c9d653a1ce12f  reader
094a07055ce38ee684c6429dd0187470  checker.class
67487004cd88ce85cb41a1c021c4e363  glue.py
C 30-30 882130812f8e483ecf3c9d653a1ce12f  reader
094a07055ce38ee684c6429dd0187470  checker.class
aa9a2af3634c7f95d3abe1a9c4995f72  glue.py
C 31-31 882130812f8e483ecf3c9d653a1ce12f  reader
094a07055ce38ee684c6429dd0187470  checker.class
aa9a2af3634c7f95d3abe1a9c4995f72  glue.py
C 32-32 882130812f8e483ecf3c9d653a1ce12f  reader
094a07055ce38ee684c6429dd0187470  checker.class
ee58c67a591dffd4943b4079ca7522e3  glue.py
C 33-33 882130812f8e483ecf3c9d653a1ce12f  reader
094a07055ce38ee684c6429dd0187470  checker.class
503d5a2169b8140af466920f432ee56e  glue.py
C 34-34 882130812f8e483ecf3c9d653a1ce12f  reader
094a07055ce38ee684c6429dd0187470  checker.class
eaecaf1eb619f52a424cb93981b97eb5  glue.py
C 35-35 882130812f8e483ecf3c9d653a1ce12f  reader
094a07055ce38ee684c6429dd0187470  checker.class
aa9a2af3634c7f95d3abe1a9c4995f72  glue.py
C 36-36 882130812f8e483ecf3c9d653a1ce12f  reader
094a07055ce38ee684c6429dd0187470  checker.class
9dceee28fd1a3133050136a6c8e5eaa5  glue.py
C 37-37 882130812f8e483ecf3c9d653a1ce12f  reader
094a07055ce38ee684c6429dd0187470  checker.class
3a0f163a7c588eecb3c6c96754b787d5  glue.py
C 38-38 882130812f8e483ecf3c9d653a1ce12f  reader
094a07055ce38ee684c6429dd0187470  checker.class
d54bbc8ed81f585b9c62ef69e0d1d6cd  glue.py
C 39-39 882130812f8e483ecf3c9d653a1ce12f  reader
094a07055ce38ee684c6429dd0187470  checker.class
aa9a2af3634c7f95d3abe1a9c4995f72  glue.py
C 40-40 882130812f8e483ecf3c9d653a1ce12f  reader
094a07055ce38ee684c6429dd0187470  checker.class
aa9a2af3634c7f95d3abe1a9c4995f72  glue.py
C 41-41 FAIL
C 41-42 FAIL
C 41-43 FAIL
C 42-42 FAIL
C 42-43 FAIL
C 42-44 FAIL
C 43-43 FAIL
C 43-44 FAIL
C 43-45 FAIL
C 44-44 FAIL
C 44-45 FAIL
C 44-46 FAIL
C 45-45 FAIL
C 45-46 FAIL
C 45-47 FAIL
C 46-46 FAIL
C 46-47 FAIL
C 46-48 FAIL
C 47-47 882130812f8e483ecf3c9d653a1ce12f  reader
e041a11276cad57f8d990a2d4a5769b9  checker.class
aa9a2af3634c7f95d3abe1a9c4995f72  glue.py
C 48-48 FAIL
C 48-49 882130812f8e483ecf3c9d653a1ce12f  reader
3e5770d3dfd91267684bcc8db8efb092  checker.class
aa9a2af3634c7f95d3abe1a9c4995f72  glue.py
C 50-50 882130812f8e483ecf3c9d653a1ce12f  reader
f1e601d1f1fdea0dd5119ae0a6ca47b8  checker.class
aa9a2af3634c7f95d3abe1a9c4995f72  glue.py
C 51-51 FAIL
C 51-52 FAIL
C 51-53 FAIL
C 52-52 FAIL
C 52-53 FAIL
C 52-54 FAIL
C 53-53 882130812f8e483ecf3c9d653a1ce12f  reader
ea46442fa1cc2218bbb410c5de181bc8  checker.class
aa9a2af3634c7f95d3abe1a9c4995f72  glue.py
C 54-54 882130812f8e483ecf3c9d653a1ce12f  reader
107964b1d9b2ba7ae7aae383f1d1eba4  checker.class
aa9a2af3634c7f95d3abe1a9c4995f72  glue.py
C 55-55 FAIL
C 55-56 FAIL
C 56-56 FAIL
C 6-6 FAIL
C 6-8 FAIL
C 6-10 FAIL
C 8-8 FAIL
C 8-10 FAIL
C 8-11 FAIL
C 10-10 FAIL
C 10-11 FAIL
C 10-12 FAIL
C 11-11 2d90f19b7333c7894ef01ee57fdd8a47  reader
107964b1d9b2ba7ae7aae383f1d1eba4  checker.class
aa9a2af3634c7f95d3abe1a9c4995f72  glue.py
C 12-12 FAIL
C 12-13 FAIL
C 12-18 FAIL
C 13-13 64fcb39158bf4109604871f324ee736b  reader
107964b1d9b2ba7ae7aae383f1d1eba4  checker.class
aa9a2af3634c7f95d3abe1a9c4995f72  glue.py
C 18-18 FAIL
C 18-20 FAIL
C 18-25 FAIL
C 20-20 FAIL
C 20-25 FAIL
C 20-26 FAIL
C 25-25 882130812f8e483ecf3c9d653a1ce12f  reader
107964b1d9b2ba7ae7aae383f1d1eba4  checker.class
aa565f35ede55667a3a8c95ae7ab9aef  glue.py
C 26-26 882130812f8e483ecf3c9d653a1ce12f  reader
107964b1d9b2ba7ae7aae383f1d1eba4  checker.class
2262acec7233faea0fa5cf3030f95897  glue.py
C 28-28 882130812f8e483ecf3c9d653a1ce12f  reader
107964b1d9b2ba7ae7aae383f1d1eba4  checker.class
7374ebcea02089c82ac6f14e9d8a0fa6  glue.py
C 32-32 882130812f8e483ecf3c9d653a1ce12f  reader
107964b1d9b2ba7ae7aae383f1d1eba4  checker.class
ee58c67a591dffd4943b4079ca7522e3  glue.py
C 33-33 882130812f8e483ecf3c9d653a1ce12f  reader
107964b1d9b2ba7ae7aae383f1d1eba4  checker.class
503d5a2169b8140af466920f432ee56e  glue.py
C 34-34 882130812f8e483ecf3c9d653a1ce12f  reader
107964b1d9b2ba7ae7aae383f1d1eba4  checker.class
eaecaf1eb619f52a424cb93981b97eb5  glue.py
C 36-36 882130812f8e483ecf3c9d653a1ce12f  reader
107964b1d9b2ba7ae7aae383f1d1eba4  checker.class
9dceee28fd1a3133050136a6c8e5eaa5  glue.py
C 37-37 882130812f8e483ecf3c9d653a1ce12f  reader
107964b1d9b2ba7ae7aae383f1d1eba4  checker.class
3a0f163a7c588eecb3c6c96754b787d5  glue.py
C 38-38 882130812f8e483ecf3c9d653a1ce12f  reader
107964b1d9b2ba7ae7aae383f1d1eba4  checker.class
d54bbc8ed81f585b9c62ef69e0d1d6cd  glue.py
C 41-41 FAIL
C 41-42 FAIL
C 41-43 FAIL
C 42-42 FAIL
C 42-43 FAIL
C 42-44 FAIL
C 43-43 FAIL
C 43-44 FAIL
C 43-45 FAIL
C 44-44 882130812f8e483ecf3c9d653a1ce12f  reader
fa0c9cac6001c5d9e04a662ce58c6e98  checker.class
aa9a2af3634c7f95d3abe1a9c4995f72  glue.py
C 45-45 FAIL
C 45-46 FAIL
C 45-47 FAIL
C 46-46 FAIL
C 46-47 FAIL
C 46-51 882130812f8e483ecf3c9d653a1ce12f  reader
d8f1f8ef071ff8de461153bdd094d3c8  checker.class
aa9a2af3634c7f95d3abe1a9c4995f72  glue.py
C 47-47 882130812f8e483ecf3c9d653a1ce12f  reader
c255674d37887ccc8bd1fb1b9c284966  checker.class
aa9a2af3634c7f95d3abe1a9c4995f72  glue.py
C 51-51 FAIL
C 51-52 FAIL
C 51-55 FAIL
C 52-52 FAIL
C 52-55 FAIL
C 52-56 FAIL
C 55-55 FAIL
C 55-56 FAIL
C 56-56 FAIL
C 6-6 FAIL
C 6-8 FAIL
C 6-10 FAIL
C 8-8 FAIL
C 8-10 FAIL
C 8-11 FAIL
C 10-10 FAIL
C 10-11 FAIL
C 10-12 FAIL
C 11-11 2d90f19b7333c7894ef01ee57fdd8a47  reader
fa0c9cac6001c5d9e04a662ce58c6e98  checker.class
aa9a2af3634c7f95d3abe1a9c4995f72  glue.py
C 12-12 FAIL
C 12-13 FAIL
C 12-18 FAIL
C 13-13 64fcb39158bf4109604871f324ee736b  reader
fa0c9cac6001c5d9e04a662ce58c6e98  checker.class
aa9a2af3634c7f95d3abe1a9c4995f72  glue.py
C 18-18 FAIL
C 18-20 FAIL
C 18-25 FAIL
C 20-20 FAIL
C 20-25 FAIL
C 20-26 FAIL
C 25-25 882130812f8e483ecf3c9d653a1ce12f  reader
fa0c9cac6001c5d9e04a662ce58c6e98  checker.class
aa565f35ede55667a3a8c95ae7ab9aef  glue.py
C 26-26 882130812f8e483ecf3c9d653a1ce12f  reader
fa0c9cac6001c5d9e04a662ce58c6e98  checker.class
2262acec7233faea0fa5cf3030f95897  glue.py
C 28-28 882130812f8e483ecf3c9d653a1ce12f  reader
fa0c9cac6001c5d9e04a662ce58c6e98  checker.class
7374ebcea02089c82ac6f14e9d8a0fa6  glue.py
C 32-32 882130812f8e483ecf3c9d653a1ce12f  reader
fa0c9cac6001c5d9e04a662ce58c6e98  checker.class
ee58c67a591dffd4943b4079ca7522e3  glue.py
C 33-33 882130812f8e483ecf3c9d653a1ce12f  reader
fa0c9cac6001c5d9e04a662ce58c6e98  checker.class
503d5a2169b8140af466920f432ee56e  glue.py
C 34-34 882130812f8e483ecf3c9d653a1ce12f  reader
fa0c9cac6001c5d9e04a662ce58c6e98  checker.class
eaecaf1eb619f52a424cb93981b97eb5  glue.py
C 36-36 882130812f8e483ecf3c9d653a1ce12f  reader
fa0c9cac6001c5d9e04a662ce58c6e98  checker.class
9dceee28fd1a3133050136a6c8e5eaa5  glue.py
C 37-37 882130812f8e483ecf3c9d653a1ce12f  reader
fa0c9cac6001c5d9e04a662ce58c6e98  checker.class
3a0f163a7c588eecb3c6c96754b787d5  glue.py
C 38-38 882130812f8e483ecf3c9d653a1ce12f  reader
fa0c9cac6001c5d9e04a662ce58c6e98  checker.class
d54bbc8ed81f585b9c62ef69e0d1d6cd  glue.py
C 41-41 FAIL
C 41-42 FAIL
C 41-43 FAIL
C 42-42 FAIL
C 42-45 FAIL
C 43-46 FAIL
