work/reader.c:1:Dc
work/reader.c:2:Dc
work/reader.c:3:Dc
work/reader.c:4:D
work/reader.c:5:Dc
work/reader.c:6:F
work/reader.c:7:Dc
work/reader.c:8:F
work/reader.c:9:D
work/reader.c:10:F
work/reader.c:11:F
work/reader.c:12:F
work/reader.c:13:C
work/reader.c:14:D
work/reader.c:15:D
work/reader.c:16:D
work/reader.c:17:D
work/reader.c:18:F
work/reader.c:19:Dc
work/reader.c:20:F
work/glue.py:1:D
work/glue.py:2:D
work/glue.py:3:Dc
work/glue.py:4:D
work/glue.py:5:C
work/glue.py:6:C
work/glue.py:7:Dc
work/glue.py:8:C
work/glue.py:9:D
work/glue.py:10:D
work/glue.py:11:Dc
work/glue.py:12:C
work/glue.py:13:C
work/glue.py:14:C
work/glue.py:15:Dc
work/glue.py:16:C
work/glue.py:17:C
work/glue.py:18:C
work/checker.java:1:Dc
work/checker.java:2:Dc
work/checker.java:3:F
work/checker.java:4:F
work/checker.java:5:F
work/checker.java:6:F
work/checker.java:7:F
work/checker.java:8:F
work/checker.java:9:C
work/checker.java:10:D
work/checker.java:11:D
work/checker.java:12:D
work/checker.java:13:F
work/checker.java:14:F
work/checker.java:15:D
work/checker.java:16:D
work/checker.java:17:F
work/checker.java:18:F
work/reader.c:1:.
work/reader.c:2:.
work/reader.c:3:.
work/reader.c:4:.
work/reader.c:5:.
work/reader.c:6:F
work/reader.c:7:.
work/reader.c:8:F
work/reader.c:9:.
work/reader.c:10:F
work/reader.c:11:C
work/reader.c:12:F
work/reader.c:13:C
work/reader.c:14:.
work/reader.c:15:.
work/reader.c:16:.
work/reader.c:17:.
work/reader.c:18:F
work/reader.c:19:.
work/reader.c:20:F
work/glue.py:1:.
work/glue.py:2:.
work/glue.py:3:.
work/glue.py:4:.
work/glue.py:5:C
work/glue.py:6:C
work/glue.py:7:.
work/glue.py:8:C
work/glue.py:9:.
work/glue.py:10:.
work/glue.py:11:.
work/glue.py:12:C
work/glue.py:13:C
work/glue.py:14:C
work/glue.py:15:.
work/glue.py:16:C
work/glue.py:17:C
work/glue.py:18:C
work/checker.java:1:.
work/checker.java:2:.
work/checker.java:3:F
work/checker.java:4:F
work/checker.java:5:F
work/checker.java:6:D
work/checker.java:7:F
work/checker.java:8:C
work/checker.java:9:C
work/checker.java:10:.
work/checker.java:11:.
work/checker.java:12:.
work/checker.java:13:F
work/checker.java:14:F
work/checker.java:15:.
work/checker.java:16:.
work/checker.java:17:F
work/checker.java:18:F
work/reader.c:1:.
work/reader.c:2:.
work/reader.c:3:.
work/reader.c:4:.
work/reader.c:5:.
work/reader.c:6:F
work/reader.c:7:.
work/reader.c:8:F
work/reader.c:9:.
work/reader.c:10:F
work/reader.c:11:C
work/reader.c:12:F
work/reader.c:13:C
work/reader.c:14:.
work/reader.c:15:.
work/reader.c:16:.
work/reader.c:17:.
work/reader.c:18:F
work/reader.c:19:.
work/reader.c:20:F
work/glue.py:1:.
work/glue.py:2:.
work/glue.py:3:.
work/glue.py:4:.
work/glue.py:5:C
work/glue.py:6:C
work/glue.py:7:.
work/glue.py:8:C
work/glue.py:9:.
work/glue.py:10:.
work/glue.py:11:.
work/glue.py:12:C
work/glue.py:13:C
work/glue.py:14:C
work/glue.py:15:.
work/glue.py:16:C
work/glue.py:17:C
work/glue.py:18:C
work/checker.java:1:.
work/checker.java:2:.
work/checker.java:3:F
work/checker.java:4:F
work/checker.java:5:F
work/checker.java:6:.
work/checker.java:7:F
work/checker.java:8:Cc
work/checker.java:9:Cc
work/checker.java:10:.
work/checker.java:11:.
work/checker.java:12:.
work/checker.java:13:F
work/checker.java:14:F
work/checker.java:15:.
work/checker.java:16:.
work/checker.java:17:F
work/checker.java:18:F
0 ignored
179 compilations
19 cached compilations
51 executions
12 reuses
3 iterations
29 deletions
56 lines
