2018-10-22 15:55:27,548 INFO  - =============================================================
2018-10-22 15:55:27,549 INFO  - 			System Information
2018-10-22 15:55:27,549 INFO  - -------------------------------------------------------------
2018-10-22 15:55:27,549 INFO  - Java Version:1.8
2018-10-22 15:55:27,550 INFO  - pOrbs Version: 30.3
2018-10-22 15:55:27,550 INFO  - pOrbs Version Updated: 19 March 2016
2018-10-22 15:55:27,550 INFO  - =============================================================
2018-10-22 15:55:27,550 INFO  - 			pOrbs Run Configuration
2018-10-22 15:55:27,550 INFO  - -------------------------------------------------------------
2018-10-22 15:55:27,550 INFO  - Strategy:Iterative
2018-10-22 15:55:27,551 INFO  - Orbs files:bh/BH.java bh/Body.java bh/Cell.java bh/HG.java bh/MathVector.java bh/Node.java bh/Tree.java
2018-10-22 15:55:27,551 INFO  - Original path:orig
2018-10-22 15:55:27,551 INFO  - Working path:work
2018-10-22 15:55:27,551 INFO  - Output path:regression
2018-10-22 15:55:27,551 INFO  - Sanity runs:2
2018-10-22 15:55:27,551 INFO  - Max window size:8
2018-10-22 15:55:27,552 INFO  - Environment PATH:/usr/local/sbin:/usr/local/bin:/usr/sbin:/usr/bin:/sbin:/bin:/usr/games:/usr/local/games:/snap/bin:/usr/lib/jvm/java-8-oracle/bin:/usr/lib/jvm/java-8-oracle/db/bin:/usr/lib/jvm/java-8-oracle/jre/bin;
2018-10-22 15:55:27,552 INFO  - Slice direction:backward
2018-10-22 15:55:27,552 INFO  - Orbs window skips deleted lines:true
2018-10-22 15:55:27,552 INFO  - Caching:true
2018-10-22 15:55:27,552 INFO  - Parallel window acceptance:maximal
2018-10-22 15:55:27,552 INFO  - Discard Non-Deterministic Test Pass:true
2018-10-22 15:55:27,553 INFO  - Deterministic Test Runs:4
2018-10-22 15:55:27,553 INFO  - Send Email:false
2018-10-22 15:55:27,553 INFO  - Save Deterministic Run Failure:false
2018-10-22 15:55:27,553 INFO  - EA Population Size:250
2018-10-22 15:55:27,553 INFO  - EA Max Evaluations:50000
2018-10-22 15:55:27,553 INFO  - Output Directory:regression/b_w8_221018_155525918
2018-10-22 15:55:27,570 INFO  - Setting initial Execution Timeout in the Execute Script:600s
2018-10-22 15:55:27,570 INFO  - =============================================================
2018-10-22 15:55:27,570 INFO  - Performing Initial Run to check Sanity and Determine Timeout
2018-10-22 15:55:27,570 INFO  - -------------------------------------------------------------
2018-10-22 15:55:27,570 INFO  - Santity run configuration ignored.
2018-10-22 15:55:28,733 INFO  - Oracle:1486bdae963cbc8dc7dc85d04b61d00b  -
2018-10-22 15:55:29,941 INFO  - Sanity Run [1]: Oracle matches (O:1486bdae963cbc8dc7dc85d04b61d00b  -, R:1486bdae963cbc8dc7dc85d04b61d00b  -)
2018-10-22 15:55:31,071 INFO  - Sanity Run [2]: Oracle matches (O:1486bdae963cbc8dc7dc85d04b61d00b  -, R:1486bdae963cbc8dc7dc85d04b61d00b  -)
2018-10-22 15:55:32,253 INFO  - Sanity Run [3]: Oracle matches (O:1486bdae963cbc8dc7dc85d04b61d00b  -, R:1486bdae963cbc8dc7dc85d04b61d00b  -)
2018-10-22 15:55:33,386 INFO  - Sanity Run [4]: Oracle matches (O:1486bdae963cbc8dc7dc85d04b61d00b  -, R:1486bdae963cbc8dc7dc85d04b61d00b  -)
2018-10-22 15:55:33,388 INFO  - Updating Execution Timeout in the Execute Script:1s
2018-10-22 15:55:33,389 INFO  - =============================================================
2018-10-22 15:55:33,389 INFO  - 			Compile Script
2018-10-22 15:55:33,389 INFO  - -------------------------------------------------------------
2018-10-22 15:55:33,389 INFO  - cd $1 #Move to system directory
2018-10-22 15:55:33,389 INFO  - rm -f main/Program.class bh/BH.class bh/Body.class bh/Cell.class bh/HG.class bh/MathVector.class bh/Node.class bh/Tree.class # Remove existing output
2018-10-22 15:55:33,390 INFO  - javac main/Program.java bh/BH.java bh/Body.java bh/Cell.java bh/HG.java bh/MathVector.java bh/Node.java bh/Tree.java 2>> compile.log #Build
2018-10-22 15:55:33,390 INFO  - if [ -f main/Program.class -a -f bh/BH.class -a -f bh/Body.class -a -f bh/Cell.class -a -f bh/HG.class -a -f bh/MathVector.class -a -f bh/Node.class -a -f bh/Tree.class ]; then #check build
2018-10-22 15:55:33,390 INFO  -     echo `md5sum main/Program.class` `md5sum bh/BH.class` `md5sum bh/Body.class` `md5sum bh/Cell.class` `md5sum bh/HG.class` `md5sum bh/MathVector.class` `md5sum bh/Node.class` `md5sum bh/Tree.class`
2018-10-22 15:55:33,390 INFO  - else
2018-10-22 15:55:33,390 INFO  -     echo FAIL
2018-10-22 15:55:33,390 INFO  - fi
2018-10-22 15:55:33,390 INFO  - 
2018-10-22 15:55:33,391 INFO  - 
2018-10-22 15:55:33,391 INFO  - 
2018-10-22 15:55:33,391 INFO  - 
2018-10-22 15:55:33,391 INFO  - =============================================================
2018-10-22 15:55:33,391 INFO  - 			Execute Script
2018-10-22 15:55:33,391 INFO  - -------------------------------------------------------------
2018-10-22 15:55:33,392 INFO  - #!/bin/sh
2018-10-22 15:55:33,392 INFO  - ElapsedTimeLimit=1s
2018-10-22 15:55:33,392 INFO  - cd $1 # move to directory 
2018-10-22 15:55:33,392 INFO  - rm -rf orbs.output # remoe previous output
2018-10-22 15:55:33,393 INFO  - #time timeout -s KILL $ElapsedTimeLimit java -cp . main.Program 1 40 10 > output.orbs 2>&1 #execute
2018-10-22 15:55:33,393 INFO  - time timeout -s KILL $ElapsedTimeLimit java -cp . main.Program 1 2 10 > output.orbs 2>&1 #execute
2018-10-22 15:55:33,393 INFO  - rc=$? #capture return code
2018-10-22 15:55:33,393 INFO  - if [ -f output.orbs ]; then
2018-10-22 15:55:33,393 INFO  - 	if [ "$4" = "GA" ] 
2018-10-22 15:55:33,393 INFO  - 	then
2018-10-22 15:55:33,394 INFO  - 		grep -m1 "" output.orbs
2018-10-22 15:55:33,394 INFO  - 	else
2018-10-22 15:55:33,394 INFO  - 		grep -m1 "" output.orbs | md5sum #capture hash of return
2018-10-22 15:55:33,394 INFO  - 	fi    	
2018-10-22 15:55:33,394 INFO  - else
2018-10-22 15:55:33,394 INFO  -     echo FAIL
2018-10-22 15:55:33,395 INFO  - fi
2018-10-22 15:55:33,395 INFO  - 
2018-10-22 15:55:33,395 INFO  - rm -rf output.orbs # clear output file
2018-10-22 15:55:33,395 INFO  - 
2018-10-22 15:55:33,395 INFO  - exit $rc # return
2018-10-22 15:55:33,395 INFO  - =============================================================
2018-10-22 15:55:33,395 INFO  - 			Setup Script
2018-10-22 15:55:33,396 INFO  - -------------------------------------------------------------
2018-10-22 15:55:33,396 INFO  - #!/bin/sh
2018-10-22 15:55:33,396 INFO  - rm -rf $1 #Remove existing setup
2018-10-22 15:55:33,396 INFO  - cp -r code $1 #Setup of the program
2018-10-22 15:55:33,396 INFO  - cd $1 #Move to the setup
2018-10-22 15:55:33,396 INFO  - #Setup of test script
2018-10-22 15:55:33,397 INFO  - #cat > orbstest.sh <<EOF
2018-10-22 15:55:33,397 INFO  - #!/bin/sh
2018-10-22 15:55:33,397 INFO  - #LC_ALL="en_US" python glue.py 1 00 
2018-10-22 15:55:33,397 INFO  - #LC_ALL="en_US" python glue.py 10 00
2018-10-22 15:55:33,397 INFO  - #EOF
2018-10-22 15:55:33,397 INFO  - =============================================================
2018-10-22 15:55:33,403 INFO  - =============================================================
2018-10-22 15:55:33,403 INFO  - 			Marking Blank Lines as Deleted
2018-10-22 15:55:33,403 INFO  - -------------------------------------------------------------
2018-10-22 15:55:33,406 INFO  - bh/BH.java:[76 72 65 60 50 42 39 36 33 28 25 16 11 4 1]bh/Body.java:[255 252 231 228 207 197 191 182 179 174 171 168 164 156 148 145 137 125 122 118 114 110 107 97 74 68 61 53 45 37 29 16 13 3]bh/Cell.java:[99 95 86 83 66 63 40 37 23 17 10 2 1]bh/HG.java:[36 24 1]bh/MathVector.java:[195 186 180 174 168 162 155 152 146 143 137 126 117 108 99 90 81 72 63 55 47 28 18 1]bh/Node.java:[63 55 52 44 35 31 22 19 16 1]bh/Tree.java:[237 223 217 214 208 202 196 189 168 165 158 156 148 147 143 134 132 129 124 108 106 97 95 87 82 78 74 70 67 59 50 41 36 25 12 3 1]
2018-10-22 15:55:33,407 INFO  - =============================================================
2018-10-22 15:55:33,407 INFO  - 			 Slicing System
2018-10-22 15:55:33,407 INFO  - -------------------------------------------------------------
2018-10-22 15:55:35,870 INFO  - I:1 F:bh/BH.java L:87 DWS:0
2018-10-22 15:55:38,825 INFO  - I:1 F:bh/BH.java L:86 DWS:0
2018-10-22 15:55:42,228 INFO  - I:1 F:bh/BH.java L:85 DWS:0
2018-10-22 15:55:45,449 INFO  - I:1 F:bh/BH.java L:84 DWS:0
2018-10-22 15:55:48,731 INFO  - I:1 F:bh/BH.java L:83 DWS:0
2018-10-22 15:55:51,919 INFO  - I:1 F:bh/BH.java L:82 DWS:0
2018-10-22 15:55:54,937 INFO  - I:1 F:bh/BH.java L:81 DWS:4 D [81 80 79 78]
2018-10-22 15:55:56,627 INFO  - I:1 F:bh/BH.java L:76 DWS:0
2018-10-22 15:56:00,286 INFO  - I:1 F:bh/BH.java L:75 DWS:0
2018-10-22 15:56:05,121 INFO  - I:1 F:bh/BH.java L:74 DWS:0
2018-10-22 15:56:08,841 INFO  - I:1 F:bh/BH.java L:72 DWS:0
2018-10-22 15:56:12,621 INFO  - I:1 F:bh/BH.java L:71 DWS:0
2018-10-22 15:56:16,093 INFO  - I:1 F:bh/BH.java L:70 DWS:0
2018-10-22 15:56:19,171 INFO  - I:1 F:bh/BH.java L:69 DWS:3 D [69 68 67]
2018-10-22 15:56:20,053 INFO  - I:1 F:bh/BH.java L:65 DWS:0
2018-10-22 15:56:24,174 INFO  - I:1 F:bh/BH.java L:64 DWS:0
2018-10-22 15:56:28,237 INFO  - I:1 F:bh/BH.java L:63 DWS:2 D [63 62]
2018-10-22 15:56:29,511 INFO  - I:1 F:bh/BH.java L:60 DWS:0
2018-10-22 15:56:33,609 INFO  - I:1 F:bh/BH.java L:59 DWS:6 D [59 58 57 56 55 54]
2018-10-22 15:56:37,756 INFO  - I:1 F:bh/BH.java L:53 DWS:4 D [53 52 50 49]
2018-10-22 15:56:38,948 INFO  - I:1 F:bh/BH.java L:48 DWS:0
2018-10-22 15:56:41,254 INFO  - I:1 F:bh/BH.java L:47 DWS:0
2018-10-22 15:56:47,178 INFO  - I:1 F:bh/BH.java L:46 DWS:0
2018-10-22 15:56:52,766 INFO  - I:1 F:bh/BH.java L:45 DWS:0
2018-10-22 15:56:57,680 INFO  - I:1 F:bh/BH.java L:44 DWS:0
2018-10-22 15:57:03,236 INFO  - I:1 F:bh/BH.java L:42 DWS:2 D [42 41]
2018-10-22 15:57:03,888 INFO  - I:1 F:bh/BH.java L:39 DWS:0
2018-10-22 15:57:08,558 INFO  - I:1 F:bh/BH.java L:38 DWS:0
2018-10-22 15:57:13,076 INFO  - I:1 F:bh/BH.java L:36 DWS:3 D [36 35 33]
2018-10-22 15:57:13,950 INFO  - I:1 F:bh/BH.java L:32 DWS:0
2018-10-22 15:57:16,285 INFO  - I:1 F:bh/BH.java L:31 DWS:0
2018-10-22 15:57:20,913 INFO  - I:1 F:bh/BH.java L:30 DWS:0
2018-10-22 15:57:25,476 INFO  - I:1 F:bh/BH.java L:28 DWS:0
2018-10-22 15:57:29,370 INFO  - I:1 F:bh/BH.java L:27 DWS:0
2018-10-22 15:57:34,347 INFO  - I:1 F:bh/BH.java L:25 DWS:8 D [25 24 23 22 21 20 19 18]
2018-10-22 15:57:38,304 INFO  - I:1 F:bh/BH.java L:16 DWS:0
2018-10-22 15:57:41,916 INFO  - I:1 F:bh/BH.java L:15 DWS:3 D [15 14 13]
2018-10-22 15:57:42,817 INFO  - I:1 F:bh/BH.java L:11 DWS:0
2018-10-22 15:57:45,647 INFO  - I:1 F:bh/BH.java L:10 DWS:3 D [10 9 8]
2018-10-22 15:57:45,652 INFO  - I:1 F:bh/BH.java L:7 DWS:0
2018-10-22 15:57:46,801 INFO  - I:1 F:bh/BH.java L:6 DWS:0
2018-10-22 15:57:48,999 INFO  - I:1 F:bh/BH.java L:4 DWS:2 D [4 3]
2018-10-22 15:57:49,001 INFO  - I:1 F:bh/BH.java L:1 DWS:0
2018-10-22 15:57:51,507 INFO  - I:1 F:bh/Body.java L:264 DWS:0
2018-10-22 15:57:55,735 INFO  - I:1 F:bh/Body.java L:263 DWS:7 D [263 262 261 260 259 258 257]
2018-10-22 15:57:57,947 INFO  - I:1 F:bh/Body.java L:255 DWS:0
2018-10-22 15:58:00,983 INFO  - I:1 F:bh/Body.java L:254 DWS:0
2018-10-22 15:58:03,514 INFO  - I:1 F:bh/Body.java L:252 DWS:0
2018-10-22 15:58:06,611 INFO  - I:1 F:bh/Body.java L:251 DWS:0
2018-10-22 15:58:11,426 INFO  - I:1 F:bh/Body.java L:250 DWS:0
2018-10-22 15:58:16,380 INFO  - I:1 F:bh/Body.java L:249 DWS:0
2018-10-22 15:58:20,819 INFO  - I:1 F:bh/Body.java L:248 DWS:0
2018-10-22 15:58:25,084 INFO  - I:1 F:bh/Body.java L:247 DWS:0
2018-10-22 15:58:29,123 INFO  - I:1 F:bh/Body.java L:246 DWS:0
2018-10-22 15:58:32,682 INFO  - I:1 F:bh/Body.java L:245 DWS:0
2018-10-22 15:58:36,938 INFO  - I:1 F:bh/Body.java L:244 DWS:0
2018-10-22 15:58:40,490 INFO  - I:1 F:bh/Body.java L:243 DWS:0
2018-10-22 15:58:44,845 INFO  - I:1 F:bh/Body.java L:242 DWS:0
2018-10-22 15:58:48,399 INFO  - I:1 F:bh/Body.java L:241 DWS:4 D [241 240 239 238]
2018-10-22 15:58:50,352 INFO  - I:1 F:bh/Body.java L:237 DWS:0
2018-10-22 15:58:53,409 INFO  - I:1 F:bh/Body.java L:236 DWS:0
2018-10-22 15:58:55,967 INFO  - I:1 F:bh/Body.java L:235 DWS:0
2018-10-22 15:58:59,406 INFO  - I:1 F:bh/Body.java L:234 DWS:0
2018-10-22 15:59:02,565 INFO  - I:1 F:bh/Body.java L:233 DWS:0
2018-10-22 15:59:04,857 INFO  - I:1 F:bh/Body.java L:231 DWS:0
2018-10-22 15:59:07,589 INFO  - I:1 F:bh/Body.java L:230 DWS:0
2018-10-22 15:59:10,093 INFO  - I:1 F:bh/Body.java L:228 DWS:0
2018-10-22 15:59:13,312 INFO  - I:1 F:bh/Body.java L:227 DWS:0
2018-10-22 15:59:18,113 INFO  - I:1 F:bh/Body.java L:226 DWS:0
2018-10-22 15:59:23,522 INFO  - I:1 F:bh/Body.java L:225 DWS:0
2018-10-22 15:59:27,813 INFO  - I:1 F:bh/Body.java L:224 DWS:0
2018-10-22 15:59:32,252 INFO  - I:1 F:bh/Body.java L:223 DWS:0
2018-10-22 15:59:36,401 INFO  - I:1 F:bh/Body.java L:222 DWS:0
2018-10-22 15:59:39,585 INFO  - I:1 F:bh/Body.java L:221 DWS:0
2018-10-22 15:59:43,758 INFO  - I:1 F:bh/Body.java L:220 DWS:0
2018-10-22 15:59:47,206 INFO  - I:1 F:bh/Body.java L:219 DWS:0
2018-10-22 15:59:51,598 INFO  - I:1 F:bh/Body.java L:218 DWS:0
2018-10-22 15:59:55,186 INFO  - I:1 F:bh/Body.java L:217 DWS:4 D [217 216 215 214]
2018-10-22 15:59:56,555 INFO  - I:1 F:bh/Body.java L:213 DWS:0
2018-10-22 15:59:59,100 INFO  - I:1 F:bh/Body.java L:212 DWS:0
2018-10-22 16:00:01,601 INFO  - I:1 F:bh/Body.java L:211 DWS:0
2018-10-22 16:00:05,183 INFO  - I:1 F:bh/Body.java L:210 DWS:0
2018-10-22 16:00:08,764 INFO  - I:1 F:bh/Body.java L:209 DWS:0
2018-10-22 16:00:11,538 INFO  - I:1 F:bh/Body.java L:207 DWS:0
2018-10-22 16:00:14,639 INFO  - I:1 F:bh/Body.java L:206 DWS:0
2018-10-22 16:00:18,507 INFO  - I:1 F:bh/Body.java L:205 DWS:0
2018-10-22 16:00:22,282 INFO  - I:1 F:bh/Body.java L:204 DWS:0
2018-10-22 16:00:25,880 INFO  - I:1 F:bh/Body.java L:203 DWS:0
2018-10-22 16:00:29,395 INFO  - I:1 F:bh/Body.java L:202 DWS:0
2018-10-22 16:00:32,511 INFO  - I:1 F:bh/Body.java L:201 DWS:3 D [201 200 199]
2018-10-22 16:00:33,932 INFO  - I:1 F:bh/Body.java L:197 DWS:0
2018-10-22 16:00:38,956 INFO  - I:1 F:bh/Body.java L:196 DWS:0
2018-10-22 16:00:43,351 INFO  - I:1 F:bh/Body.java L:195 DWS:0
2018-10-22 16:00:46,957 INFO  - I:1 F:bh/Body.java L:194 DWS:0
2018-10-22 16:00:50,272 INFO  - I:1 F:bh/Body.java L:193 DWS:0
2018-10-22 16:00:53,229 INFO  - I:1 F:bh/Body.java L:191 DWS:0
2018-10-22 16:00:56,098 INFO  - I:1 F:bh/Body.java L:190 DWS:0
2018-10-22 16:00:59,265 INFO  - I:1 F:bh/Body.java L:189 DWS:0
2018-10-22 16:01:02,172 INFO  - I:1 F:bh/Body.java L:188 DWS:5 D [188 187 186 185 184]
2018-10-22 16:01:03,656 INFO  - I:1 F:bh/Body.java L:182 DWS:0
2018-10-22 16:01:08,469 INFO  - I:1 F:bh/Body.java L:181 DWS:0
2018-10-22 16:01:14,162 INFO  - I:1 F:bh/Body.java L:179 DWS:0
2018-10-22 16:01:19,982 INFO  - I:1 F:bh/Body.java L:178 DWS:0
2018-10-22 16:01:25,874 INFO  - I:1 F:bh/Body.java L:177 DWS:0
2018-10-22 16:01:31,504 INFO  - I:1 F:bh/Body.java L:176 DWS:0
2018-10-22 16:01:37,820 INFO  - I:1 F:bh/Body.java L:174 DWS:0
2018-10-22 16:01:43,453 INFO  - I:1 F:bh/Body.java L:173 DWS:0
2018-10-22 16:01:48,645 INFO  - I:1 F:bh/Body.java L:171 DWS:0
2018-10-22 16:01:53,224 INFO  - I:1 F:bh/Body.java L:170 DWS:0
2018-10-22 16:01:57,414 INFO  - I:1 F:bh/Body.java L:168 DWS:0
2018-10-22 16:02:01,170 INFO  - I:1 F:bh/Body.java L:167 DWS:0
2018-10-22 16:02:04,311 INFO  - I:1 F:bh/Body.java L:166 DWS:0
2018-10-22 16:02:07,410 INFO  - I:1 F:bh/Body.java L:164 DWS:0
2018-10-22 16:02:10,504 INFO  - I:1 F:bh/Body.java L:163 DWS:0
2018-10-22 16:02:14,226 INFO  - I:1 F:bh/Body.java L:162 DWS:0
2018-10-22 16:02:17,550 INFO  - I:1 F:bh/Body.java L:161 DWS:4 D [161 160 159 158]
2018-10-22 16:02:19,168 INFO  - I:1 F:bh/Body.java L:156 DWS:0
2018-10-22 16:02:22,753 INFO  - I:1 F:bh/Body.java L:155 DWS:0
2018-10-22 16:02:26,290 INFO  - I:1 F:bh/Body.java L:154 DWS:0
2018-10-22 16:02:29,500 INFO  - I:1 F:bh/Body.java L:153 DWS:0
2018-10-22 16:02:32,375 INFO  - I:1 F:bh/Body.java L:152 DWS:3 D [152 151 150]
2018-10-22 16:02:33,247 INFO  - I:1 F:bh/Body.java L:148 DWS:0
2018-10-22 16:02:38,271 INFO  - I:1 F:bh/Body.java L:147 DWS:0
2018-10-22 16:02:44,296 INFO  - I:1 F:bh/Body.java L:145 DWS:0
2018-10-22 16:02:50,542 INFO  - I:1 F:bh/Body.java L:144 DWS:0
2018-10-22 16:02:52,816 INFO  - I:1 F:bh/Body.java L:143 DWS:0
2018-10-22 16:02:55,120 INFO  - I:1 F:bh/Body.java L:142 DWS:0
2018-10-22 16:03:00,656 INFO  - I:1 F:bh/Body.java L:141 DWS:0
2018-10-22 16:03:06,456 INFO  - I:1 F:bh/Body.java L:140 DWS:0
2018-10-22 16:03:11,432 INFO  - I:1 F:bh/Body.java L:139 DWS:1 D [139]
2018-10-22 16:03:11,961 INFO  - I:1 F:bh/Body.java L:137 DWS:0
2018-10-22 16:03:16,011 INFO  - I:1 F:bh/Body.java L:136 DWS:1 D [136]
2018-10-22 16:03:16,528 INFO  - I:1 F:bh/Body.java L:135 DWS:0
2018-10-22 16:03:19,868 INFO  - I:1 F:bh/Body.java L:134 DWS:0
2018-10-22 16:03:23,066 INFO  - I:1 F:bh/Body.java L:133 DWS:1 D [133]
2018-10-22 16:03:24,024 INFO  - I:1 F:bh/Body.java L:132 DWS:0
2018-10-22 16:03:27,228 INFO  - I:1 F:bh/Body.java L:131 DWS:0
2018-10-22 16:03:30,110 INFO  - I:1 F:bh/Body.java L:130 DWS:4 D [130 129 128 127]
2018-10-22 16:03:31,269 INFO  - I:1 F:bh/Body.java L:125 DWS:0
2018-10-22 16:03:35,684 INFO  - I:1 F:bh/Body.java L:124 DWS:0
2018-10-22 16:03:41,627 INFO  - I:1 F:bh/Body.java L:122 DWS:0
2018-10-22 16:03:47,848 INFO  - I:1 F:bh/Body.java L:121 DWS:0
2018-10-22 16:03:53,978 INFO  - I:1 F:bh/Body.java L:120 DWS:0
2018-10-22 16:03:59,967 INFO  - I:1 F:bh/Body.java L:118 DWS:0
2018-10-22 16:04:05,928 INFO  - I:1 F:bh/Body.java L:117 DWS:0
2018-10-22 16:04:11,668 INFO  - I:1 F:bh/Body.java L:116 DWS:0
2018-10-22 16:04:17,502 INFO  - I:1 F:bh/Body.java L:114 DWS:0
2018-10-22 16:04:23,038 INFO  - I:1 F:bh/Body.java L:113 DWS:0
2018-10-22 16:04:27,938 INFO  - I:1 F:bh/Body.java L:112 DWS:0
2018-10-22 16:04:32,309 INFO  - I:1 F:bh/Body.java L:110 DWS:0
2018-10-22 16:04:36,448 INFO  - I:1 F:bh/Body.java L:109 DWS:1 D [109]
2018-10-22 16:04:36,925 INFO  - I:1 F:bh/Body.java L:107 DWS:0
2018-10-22 16:04:40,073 INFO  - I:1 F:bh/Body.java L:106 DWS:0
2018-10-22 16:04:43,251 INFO  - I:1 F:bh/Body.java L:105 DWS:0
2018-10-22 16:04:46,092 INFO  - I:1 F:bh/Body.java L:104 DWS:0
2018-10-22 16:04:49,198 INFO  - I:1 F:bh/Body.java L:103 DWS:0
2018-10-22 16:04:52,038 INFO  - I:1 F:bh/Body.java L:102 DWS:4 D [102 101 100 99]
2018-10-22 16:04:53,205 INFO  - I:1 F:bh/Body.java L:97 DWS:0
2018-10-22 16:04:55,538 INFO  - I:1 F:bh/Body.java L:96 DWS:0
2018-10-22 16:04:57,892 INFO  - I:1 F:bh/Body.java L:95 DWS:0
2018-10-22 16:05:03,718 INFO  - I:1 F:bh/Body.java L:94 DWS:0
2018-10-22 16:05:09,498 INFO  - I:1 F:bh/Body.java L:93 DWS:0
2018-10-22 16:05:14,379 INFO  - I:1 F:bh/Body.java L:92 DWS:0
2018-10-22 16:05:18,767 INFO  - I:1 F:bh/Body.java L:91 DWS:0
2018-10-22 16:05:22,870 INFO  - I:1 F:bh/Body.java L:90 DWS:0
2018-10-22 16:05:26,534 INFO  - I:1 F:bh/Body.java L:89 DWS:0
2018-10-22 16:05:30,082 INFO  - I:1 F:bh/Body.java L:88 DWS:0
2018-10-22 16:05:33,262 INFO  - I:1 F:bh/Body.java L:87 DWS:0
2018-10-22 16:05:36,324 INFO  - I:1 F:bh/Body.java L:86 DWS:0
2018-10-22 16:05:40,162 INFO  - I:1 F:bh/Body.java L:85 DWS:0
2018-10-22 16:05:43,611 INFO  - I:1 F:bh/Body.java L:84 DWS:0
2018-10-22 16:05:47,421 INFO  - I:1 F:bh/Body.java L:83 DWS:0
2018-10-22 16:05:50,743 INFO  - I:1 F:bh/Body.java L:82 DWS:0
2018-10-22 16:05:55,087 INFO  - I:1 F:bh/Body.java L:81 DWS:0
2018-10-22 16:05:57,973 INFO  - I:1 F:bh/Body.java L:80 DWS:0
2018-10-22 16:06:00,483 INFO  - I:1 F:bh/Body.java L:79 DWS:0
2018-10-22 16:06:03,502 INFO  - I:1 F:bh/Body.java L:78 DWS:0
2018-10-22 16:06:05,868 INFO  - I:1 F:bh/Body.java L:77 DWS:0
2018-10-22 16:06:09,456 INFO  - I:1 F:bh/Body.java L:76 DWS:0
2018-10-22 16:06:12,823 INFO  - I:1 F:bh/Body.java L:74 DWS:0
2018-10-22 16:06:15,631 INFO  - I:1 F:bh/Body.java L:73 DWS:0
2018-10-22 16:06:17,944 INFO  - I:1 F:bh/Body.java L:72 DWS:0
2018-10-22 16:06:21,705 INFO  - I:1 F:bh/Body.java L:71 DWS:0
2018-10-22 16:06:25,204 INFO  - I:1 F:bh/Body.java L:70 DWS:0
2018-10-22 16:06:28,834 INFO  - I:1 F:bh/Body.java L:68 DWS:0
2018-10-22 16:06:32,177 INFO  - I:1 F:bh/Body.java L:67 DWS:0
2018-10-22 16:06:36,694 INFO  - I:1 F:bh/Body.java L:66 DWS:0
2018-10-22 23:13:02,727 INFO  - I:1 F:bh/Body.java L:65 DWS:3 D [65 64 63]
2018-10-22 23:13:04,603 INFO  - I:1 F:bh/Body.java L:61 DWS:0
2018-10-22 23:13:10,039 INFO  - I:1 F:bh/Body.java L:60 DWS:0
2018-10-22 23:13:12,562 INFO  - I:1 F:bh/Body.java L:59 DWS:0
